[    0.000000] Initializing cgroup subsys cpuset
[    0.000000] Initializing cgroup subsys cpu
[    0.000000] Initializing cgroup subsys cpuacct
[    0.000000] Linux version 4.4.0-208-generic (buildd@lcy01-amd64-014) (gcc version 5.4.0 20160609 (Ubuntu 5.4.0-6ubuntu1~16.04.12) ) #240-Ubuntu SMP Thu Apr 1 11:08:43 UTC 2021 (Ubuntu 4.4.0-208.240-generic 4.4.262)
[    0.000000] Command line: BOOT_IMAGE=/boot/vmlinuz-4.4.0-208-generic root=LABEL=cloudimg-rootfs ro console=tty1 console=ttyS0
[    0.000000] KERNEL supported cpus:
[    0.000000]   Intel GenuineIntel
[    0.000000]   AMD AuthenticAMD
[    0.000000]   Centaur CentaurHauls
[    0.000000] x86/fpu: xstate_offset[2]:  576, xstate_sizes[2]:  256
[    0.000000] x86/fpu: Supporting XSAVE feature 0x01: 'x87 floating point registers'
[    0.000000] x86/fpu: Supporting XSAVE feature 0x02: 'SSE registers'
[    0.000000] x86/fpu: Supporting XSAVE feature 0x04: 'AVX registers'
[    0.000000] x86/fpu: Enabled xstate features 0x7, context size is 832 bytes, using 'standard' format.
[    0.000000] e820: BIOS-provided physical RAM map:
[    0.000000] BIOS-e820: [mem 0x0000000000000000-0x000000000009fbff] usable
[    0.000000] BIOS-e820: [mem 0x000000000009fc00-0x000000000009ffff] reserved
[    0.000000] BIOS-e820: [mem 0x00000000000f0000-0x00000000000fffff] reserved
[    0.000000] BIOS-e820: [mem 0x0000000000100000-0x000000001ffeffff] usable
[    0.000000] BIOS-e820: [mem 0x000000001fff0000-0x000000001fffffff] ACPI data
[    0.000000] BIOS-e820: [mem 0x00000000fec00000-0x00000000fec00fff] reserved
[    0.000000] BIOS-e820: [mem 0x00000000fee00000-0x00000000fee00fff] reserved
[    0.000000] BIOS-e820: [mem 0x00000000fffc0000-0x00000000ffffffff] reserved
[    0.000000] NX (Execute Disable) protection: active
[    0.000000] SMBIOS 2.5 present.
[    0.000000] Hypervisor detected: KVM
[    0.000000] e820: last_pfn = 0x1fff0 max_arch_pfn = 0x400000000
[    0.000000] MTRR: Disabled
[    0.000000] x86/PAT: MTRRs disabled, skipping PAT initialization too.
[    0.000000] CPU MTRRs all blank - virtualized system.
[    0.000000] x86/PAT: Configuration [0-7]: WB  WT  UC- UC  WB  WT  UC- UC  
[    0.000000] found SMP MP-table at [mem 0x0009fff0-0x0009ffff] mapped at [ffff88000009fff0]
[    0.000000] Scanning 1 areas for low memory corruption
[    0.000000] RAMDISK: [mem 0x1e8ae000-0x1f736fff]
[    0.000000] ACPI: Early table checksum verification disabled
[    0.000000] ACPI: RSDP 0x00000000000E0000 000024 (v02 VBOX  )
[    0.000000] ACPI: XSDT 0x000000001FFF0030 00003C (v01 VBOX   VBOXXSDT 00000001 ASL  00000061)
[    0.000000] ACPI: FACP 0x000000001FFF00F0 0000F4 (v04 VBOX   VBOXFACP 00000001 ASL  00000061)
[    0.000000] ACPI: DSDT 0x000000001FFF0470 002325 (v02 VBOX   VBOXBIOS 00000002 INTL 20190509)
[    0.000000] ACPI: FACS 0x000000001FFF0200 000040
[    0.000000] ACPI: FACS 0x000000001FFF0200 000040
[    0.000000] ACPI: APIC 0x000000001FFF0240 00005C (v02 VBOX   VBOXAPIC 00000001 ASL  00000061)
[    0.000000] ACPI: SSDT 0x000000001FFF02A0 0001CC (v01 VBOX   VBOXCPUT 00000002 INTL 20190509)
[    0.000000] No NUMA configuration found
[    0.000000] Faking a node at [mem 0x0000000000000000-0x000000001ffeffff]
[    0.000000] NODE_DATA(0) allocated [mem 0x1ffeb000-0x1ffeffff]
[    0.000000] kvm-clock: Using msrs 4b564d01 and 4b564d00
[    0.000000] kvm-clock: cpu 0, msr 0:1ffe3001, primary cpu clock
[    0.000000] kvm-clock: using sched offset of 5535784537 cycles
[    0.000000] clocksource: kvm-clock: mask: 0xffffffffffffffff max_cycles: 0x1cd42e4dffb, max_idle_ns: 881590591483 ns
[    0.000000] Zone ranges:
[    0.000000]   DMA      [mem 0x0000000000001000-0x0000000000ffffff]
[    0.000000]   DMA32    [mem 0x0000000001000000-0x000000001ffeffff]
[    0.000000]   Normal   empty
[    0.000000]   Device   empty
[    0.000000] Movable zone start for each node
[    0.000000] Early memory node ranges
[    0.000000]   node   0: [mem 0x0000000000001000-0x000000000009efff]
[    0.000000]   node   0: [mem 0x0000000000100000-0x000000001ffeffff]
[    0.000000] Initmem setup node 0 [mem 0x0000000000001000-0x000000001ffeffff]
[    0.000000] ACPI: PM-Timer IO Port: 0x4008
[    0.000000] IOAPIC[0]: apic_id 2, version 32, address 0xfec00000, GSI 0-23
[    0.000000] ACPI: INT_SRC_OVR (bus 0 bus_irq 0 global_irq 2 dfl dfl)
[    0.000000] ACPI: INT_SRC_OVR (bus 0 bus_irq 9 global_irq 9 low level)
[    0.000000] Using ACPI (MADT) for SMP configuration information
[    0.000000] smpboot: Allowing 2 CPUs, 0 hotplug CPUs
[    0.000000] PM: Registered nosave memory: [mem 0x00000000-0x00000fff]
[    0.000000] PM: Registered nosave memory: [mem 0x0009f000-0x0009ffff]
[    0.000000] PM: Registered nosave memory: [mem 0x000a0000-0x000effff]
[    0.000000] PM: Registered nosave memory: [mem 0x000f0000-0x000fffff]
[    0.000000] e820: [mem 0x20000000-0xfebfffff] available for PCI devices
[    0.000000] Booting paravirtualized kernel on KVM
[    0.000000] clocksource: refined-jiffies: mask: 0xffffffff max_cycles: 0xffffffff, max_idle_ns: 7645519600211568 ns
[    0.000000] setup_percpu: NR_CPUS:512 nr_cpumask_bits:512 nr_cpu_ids:2 nr_node_ids:1
[    0.000000] PERCPU: Embedded 33 pages/cpu @ffff88001fc00000 s95192 r8192 d31784 u1048576
[    0.000000] Built 1 zonelists in Node order, mobility grouping on.  Total pages: 128888
[    0.000000] Policy zone: DMA32
[    0.000000] Kernel command line: BOOT_IMAGE=/boot/vmlinuz-4.4.0-208-generic root=LABEL=cloudimg-rootfs ro console=tty1 console=ttyS0
[    0.000000] PID hash table entries: 2048 (order: 2, 16384 bytes)
[    0.000000] Memory: 481716K/523832K available (8644K kernel code, 1332K rwdata, 4044K rodata, 1492K init, 1164K bss, 42116K reserved, 0K cma-reserved)
[    0.000000] SLUB: HWalign=64, Order=0-3, MinObjects=0, CPUs=2, Nodes=1
[    0.000000] Kernel/User page tables isolation: enabled
[    0.000000] Hierarchical RCU implementation.
[    0.000000] 	Build-time adjustment of leaf fanout to 64.
[    0.000000] 	RCU restricting CPUs from NR_CPUS=512 to nr_cpu_ids=2.
[    0.000000] RCU: Adjusting geometry for rcu_fanout_leaf=64, nr_cpu_ids=2
[    0.000000] NR_IRQS:33024 nr_irqs:440 16
[    0.000000] Console: colour VGA+ 80x25
[    0.000000] console [tty1] enabled
[    0.000000] console [ttyS0] enabled
[    0.000000] tsc: Detected 2992.966 MHz processor
[    0.864110] Calibrating delay loop (skipped) preset value.. 5985.93 BogoMIPS (lpj=11971864)
[    0.876132] pid_max: default: 32768 minimum: 301
[    0.882574] ACPI: Core revision 20150930
[    0.889122] ACPI: 2 ACPI AML tables successfully acquired and loaded
[    0.898281] Security Framework initialized
[    0.904055] Yama: becoming mindful.
[    0.909250] AppArmor: AppArmor initialized
[    0.915178] Dentry cache hash table entries: 65536 (order: 7, 524288 bytes)
[    0.923902] Inode-cache hash table entries: 32768 (order: 6, 262144 bytes)
[    0.932857] Mount-cache hash table entries: 1024 (order: 1, 8192 bytes)
[    0.941214] Mountpoint-cache hash table entries: 1024 (order: 1, 8192 bytes)
[    0.950146] Initializing cgroup subsys io
[    0.955768] Initializing cgroup subsys memory
[    0.961654] Initializing cgroup subsys devices
[    0.967541] Initializing cgroup subsys freezer
[    0.973469] Initializing cgroup subsys net_cls
[    0.979346] Initializing cgroup subsys perf_event
[    0.985471] Initializing cgroup subsys net_prio
[    0.991494] Initializing cgroup subsys hugetlb
[    0.997617] Initializing cgroup subsys pids
[    1.005167] mce: CPU supports 0 MCE banks
[    1.010818] Last level iTLB entries: 4KB 64, 2MB 8, 4MB 8
[    1.017924] Last level dTLB entries: 4KB 64, 2MB 0, 4MB 0, 1GB 4
[    1.025260] Spectre V1 : Mitigation: usercopy/swapgs barriers and __user pointer sanitization
[    1.035989] Spectre V2 : Mitigation: Full generic retpoline
[    1.043069] Spectre V2 : Spectre v2 / SpectreRSB mitigation: Filling RSB on context switch
[    1.054041] Speculative Store Bypass: Vulnerable
[    1.060624] MDS: Mitigation: Clear CPU buffers
[    1.095347] Freeing SMP alternatives memory: 36K
[    1.159915] ftrace: allocating 32380 entries in 127 pages
[    1.606384] smpboot: APIC(0) Converting physical 0 to logical package 0
[    1.615152] smpboot: Max logical packages: 1
[    1.624964] x2apic enabled
[    1.631669] Switched APIC routing to physical x2apic.
[    1.645159] ..TIMER: vector=0x30 apic1=0 pin1=2 apic2=-1 pin2=-1
[    1.761075] smpboot: CPU0: Intel(R) Xeon(R) Gold 6248R CPU @ 3.00GHz (family: 0x6, model: 0x4f, stepping: 0x0)
[    1.774944] Performance Events: unsupported p6 CPU model 79 no PMU driver, software events only.
[    1.851450] KVM setup paravirtual spinlock
[    1.858150] x86: Booting SMP configuration:
[    1.864951] .... node  #0, CPUs:      #1
[    1.881769] kvm-clock: cpu 1, msr 0:1ffe3041, secondary cpu clock
[    1.891517] mce: CPU supports 0 MCE banks
[    1.898673] x86: Booted up 1 node, 2 CPUs
[    1.905391] smpboot: Total of 2 processors activated (11971.86 BogoMIPS)
[    1.915905] devtmpfs: initialized
[    1.922432] evm: security.selinux
[    1.927186] evm: security.SMACK64
[    1.932275] evm: security.SMACK64EXEC
[    1.937905] evm: security.SMACK64TRANSMUTE
[    1.943296] evm: security.SMACK64MMAP
[    1.948376] evm: security.ima
[    1.952771] evm: security.capability
[    1.958072] clocksource: jiffies: mask: 0xffffffff max_cycles: 0xffffffff, max_idle_ns: 7645041785100000 ns
[    1.970133] futex hash table entries: 512 (order: 3, 32768 bytes)
[    1.977915] pinctrl core: initialized pinctrl subsystem
[    1.984707] RTC time: 12:09:57, date: 05/24/21
[    1.991026] NET: Registered protocol family 16
[    2.011151] cpuidle: using governor ladder
[    2.026639] cpuidle: using governor menu
[    2.032893] PCCT header not found.
[    2.037965] ACPI: bus type PCI registered
[    2.043448] acpiphp: ACPI Hot Plug PCI Controller Driver version: 0.5
[    2.051840] PCI: Using configuration type 1 for base access
[    2.076752] ACPI: Added _OSI(Module Device)
[    2.082606] ACPI: Added _OSI(Processor Device)
[    2.088778] ACPI: Added _OSI(3.0 _SCP Extensions)
[    2.095267] ACPI: Added _OSI(Processor Aggregator Device)
[    2.104167] ACPI: Executed 1 blocks of module-level executable AML code
[    2.116494] ACPI: Interpreter enabled
[    2.121779] ACPI: (supports S0 S5)
[    2.126630] ACPI: Using IOAPIC for interrupt routing
[    2.133174] PCI: Using host bridge windows from ACPI; if necessary, use "pci=nocrs" and report a bug
[    2.152424] ACPI: PCI Root Bridge [PCI0] (domain 0000 [bus 00-ff])
[    2.159640] acpi PNP0A03:00: _OSC: OS supports [ASPM ClockPM Segments MSI]
[    2.168144] acpi PNP0A03:00: _OSC: not requesting OS control; OS requires [ExtendedConfig ASPM ClockPM MSI]
[    2.179738] acpi PNP0A03:00: fail to add MMCONFIG information, can't access extended PCI configuration space under this bridge.
[    2.194394] PCI host bridge to bus 0000:00
[    2.199885] pci_bus 0000:00: root bus resource [io  0x0000-0x0cf7 window]
[    2.207630] pci_bus 0000:00: root bus resource [io  0x0d00-0xffff window]
[    2.215592] pci_bus 0000:00: root bus resource [mem 0x000a0000-0x000bffff window]
[    2.225445] pci_bus 0000:00: root bus resource [mem 0x20000000-0xfdffffff window]
[    2.235229] pci_bus 0000:00: root bus resource [bus 00-ff]
[    2.251411] pci 0000:00:01.1: legacy IDE quirk: reg 0x10: [io  0x01f0-0x01f7]
[    2.259929] pci 0000:00:01.1: legacy IDE quirk: reg 0x14: [io  0x03f6]
[    2.267958] pci 0000:00:01.1: legacy IDE quirk: reg 0x18: [io  0x0170-0x0177]
[    2.276649] pci 0000:00:01.1: legacy IDE quirk: reg 0x1c: [io  0x0376]
[    2.452827] pci 0000:00:07.0: quirk: [io  0x4000-0x403f] claimed by PIIX4 ACPI
[    2.463127] pci 0000:00:07.0: quirk: [io  0x4100-0x410f] claimed by PIIX4 SMB
[    2.530440] ACPI: PCI Interrupt Link [LNKA] (IRQs 5 9 10 *11)
[    2.541910] ACPI: PCI Interrupt Link [LNKB] (IRQs 5 9 *10 11)
[    2.552850] ACPI: PCI Interrupt Link [LNKC] (IRQs 5 *9 10 11)
[    2.563638] ACPI: PCI Interrupt Link [LNKD] (IRQs 5 9 10 *11)
[    2.574579] ACPI: Enabled 2 GPEs in block 00 to 07
[    2.584419] vgaarb: setting as boot device: PCI:0000:00:02.0
[    2.591273] vgaarb: device added: PCI:0000:00:02.0,decodes=io+mem,owns=io+mem,locks=none
[    2.602052] vgaarb: loaded
[    2.606277] vgaarb: bridge control possible 0000:00:02.0
[    2.613925] SCSI subsystem initialized
[    2.619773] ACPI: bus type USB registered
[    2.625273] usbcore: registered new interface driver usbfs
[    2.632192] usbcore: registered new interface driver hub
[    2.638939] usbcore: registered new device driver usb
[    2.646274] PCI: Using ACPI for IRQ routing
[    2.654172] NetLabel: Initializing
[    2.659184] NetLabel:  domain hash size = 128
[    2.664813] NetLabel:  protocols = UNLABELED CIPSOv4
[    2.671415] NetLabel:  unlabeled traffic allowed by default
[    2.680065] amd_nb: Cannot enumerate AMD northbridges
[    2.687059] clocksource: Switched to clocksource kvm-clock
[    2.705116] AppArmor: AppArmor Filesystem Enabled
[    2.711218] pnp: PnP ACPI init
[    2.718132] pnp: PnP ACPI: found 3 devices
[    2.741632] clocksource: acpi_pm: mask: 0xffffff max_cycles: 0xffffff, max_idle_ns: 2085701024 ns
[    2.754155] NET: Registered protocol family 2
[    2.761858] TCP established hash table entries: 4096 (order: 3, 32768 bytes)
[    2.771247] TCP bind hash table entries: 4096 (order: 4, 65536 bytes)
[    2.779842] TCP: Hash tables configured (established 4096 bind 4096)
[    2.788431] UDP hash table entries: 256 (order: 1, 8192 bytes)
[    2.796460] UDP-Lite hash table entries: 256 (order: 1, 8192 bytes)
[    2.805012] NET: Registered protocol family 1
[    2.811464] pci 0000:00:00.0: Limiting direct PCI/PCI transfers
[    2.819589] pci 0000:00:01.0: Activating ISA DMA hang workarounds
[    2.829861] Unpacking initramfs...
[    3.128132] Freeing initrd memory: 14884K
[    3.133940] clocksource: tsc: mask: 0xffffffffffffffff max_cycles: 0x2b2450cbe8a, max_idle_ns: 440795246701 ns
[    3.146831] platform rtc_cmos: registered platform RTC device (no PNP device found)
[    3.157338] Scanning for low memory corruption every 60 seconds
[    3.167356] audit: initializing netlink subsys (disabled)
[    3.182845] audit: type=2000 audit(1621858204.170:1): initialized
[    3.193947] Initialise system trusted keyring
[    3.202315] HugeTLB registered 2 MB page size, pre-allocated 0 pages
[    3.215356] zbud: loaded
[    3.222067] VFS: Disk quotas dquot_6.6.0
[    3.230352] VFS: Dquot-cache hash table entries: 512 (order 0, 4096 bytes)
[    3.239235] squashfs: version 4.0 (2009/01/31) Phillip Lougher
[    3.247261] fuse init (API version 7.23)
[    3.253282] Key type big_key registered
[    3.259165] Allocating IMA MOK and blacklist keyrings.
[    3.270605] Key type asymmetric registered
[    3.277544] Asymmetric key parser 'x509' registered
[    3.285802] Block layer SCSI generic (bsg) driver version 0.4 loaded (major 249)
[    3.296647] io scheduler noop registered
[    3.302557] io scheduler deadline registered (default)
[    3.309495] io scheduler cfq registered
[    3.315567] pci_hotplug: PCI Hot Plug PCI Core version: 0.5
[    3.323091] pciehp: PCI Express Hot Plug Controller Driver version: 0.4
[    3.331774] ACPI: AC Adapter [AC] (on-line)
[    3.338158] input: Power Button as /devices/LNXSYSTM:00/LNXPWRBN:00/input/input0
[    3.348709] ACPI: Power Button [PWRF]
[    3.354886] input: Sleep Button as /devices/LNXSYSTM:00/LNXSLPBN:00/input/input1
[    3.365482] ACPI: Sleep Button [SLPF]
[    3.371730] GHES: HEST is not enabled!
[    3.377468] Serial: 8250/16550 driver, 32 ports, IRQ sharing enabled
[    3.41719] 00:02: tyS0 at I/O0x3f8 (irq= 4, bse_baud = 15200) is a16550A
[    3.493464] Linux agpgart interface v0.103
[    3.506181] loop: module loaded
[    3.518853] scsi host0: ata_piix
[    3.524589] scsi host1: ata_piix
[    3.529446] ata1: PATA max UDMA/33 cmd 0x1f0 ctl 0x3f6 bmdma 0xd000 irq 14
[    3.538104] ata2: PATA max UDMA/33 cmd 0x170 ctl 0x376 bmdma 0xd008 irq 15
[    3.547208] libphy: Fixed MDIO Bus: probed
[    3.553195] tun: Universal TUN/TAP device driver, 1.6
[    3.559558] tun: (C) 1999-2004 Max Krasnyansky <maxk@qualcomm.com>
[    3.566965] PPP generic driver version 2.4.2
[    3.572620] ehci_hcd: USB 2.0 'Enhanced' Host Controller (EHCI) Driver
[    3.579885] ehci-pci: EHCI PCI platform driver
[    3.585651] ehci-platform: EHCI generic platform driver
[    3.593549] ohci_hcd: USB 1.1 'Open' Host Controller (OHCI) Driver
[    3.600996] ohci-pci: OHCI PCI platform driver
[    3.606530] ohci-platform: OHCI generic platform driver
[    3.612825] uhci_hcd: USB Universal Host Controller Interface driver
[    3.620289] i8042: PNP: PS/2 Controller [PNP0303:PS2K,PNP0f03:PS2M] at 0x60,0x64 irq 1,12
[    3.632565] serio: i8042 KBD port at 0x60,0x64 irq 1
[    3.638532] serio: i8042 AUX port at 0x60,0x64 irq 12
[    3.645170] mousedev: PS/2 mouse device common for all mice
[    3.653178] rtc_cmos rtc_cmos: rtc core: registered rtc_cmos as rtc0
[    3.660861] rtc_cmos rtc_cmos: alarms up to one day, 114 bytes nvram
[    3.667821] i2c /dev entries driver
[    3.672899] input: AT Translated Set 2 keyboard as /devices/platform/i8042/serio0/input/input2
[    3.685230] device-mapper: uevent: version 1.0.3
[    3.691730] device-mapper: ioctl: 4.34.0-ioctl (2015-10-28) initialised: dm-devel@redhat.com
[    3.702442] ledtrig-cpu: registered to indicate activity on CPUs
[    3.762928] NET: Registered protocol family 10
[    3.771847] NET: Registered protocol family 17
[    3.779628] Key type dns_resolver registered
[    3.788360] registered taskstats version 1
[    3.796386] Loading compiled-in X.509 certificates
[    3.805080] Loaded X.509 cert 'Build time autogenerated kernel key: a4b2c42f3c1ff894301f5dfced938a35dbe4f21d'
[    3.820426] zswap: loaded using pool lzo/zbud
[    3.835168] Key type trusted registered
[    3.849109] Key type encrypted registered
[    3.855631] AppArmor: AppArmor sha1 policy hashing enabled
[    3.864754] ima: No TPM chip found, activating TPM-bypass!
[    3.873251] ima: Allocated hash algorithm: sha1
[    3.880734] evm: HMAC attrs: 0x1
[    3.888244]   Magic number: 5:685:178
[    3.893467]  platform: hash matches
[    3.898620] rtc_cmos rtc_cmos: setting system clock to 2021-05-24 12:09:59 UTC (1621858199)
[    3.909025] BIOS EDD facility v0.16 2004-Jun-25, 0 devices found
[    3.915961] EDD information not available.
[    3.924532] Freeing unused kernel memory: 1492K
[    3.939279] Write protecting the kernel read-only data: 14336k
[    3.949820] Freeing unused kernel memory: 1584K
[    3.956279] Freeing unused kernel memory: 52K
Loading, please wait...
starting version 229
[    3.993580] random: systemd-udevd: uninitialized urandom read (16 bytes read, 5 bits of entropy available)
[    4.001284] random: udevadm: uninitialized urandom read (16 bytes read, 5 bits of entropy available)
[    4.001305] random: udevadm: uninitialized urandom read (16 bytes read, 5 bits of entropy available)
[    4.029753] random: systemd-udevd: uninitialized urandom read (16 bytes read, 5 bits of entropy available)
[    4.038877] random: udevadm: uninitialized urandom read (16 bytes read, 5 bits of entropy available)
[    4.038961] random: udevadm: uninitialized urandom read (16 bytes read, 5 bits of entropy available)
[    4.039204] random: udevadm: uninitialized urandom read (16 bytes read, 5 bits of entropy available)
[    4.039288] random: udevadm: uninitialized urandom read (16 bytes read, 5 bits of entropy available)
[    4.039379] random: udevadm: uninitialized urandom read (16 bytes read, 5 bits of entropy available)
[    4.039465] random: udevadm: uninitialized urandom read (16 bytes read, 5 bits of entropy available)
[    4.151518] e1000: Intel(R) PRO/1000 Network Driver - version 7.3.21-k8-NAPI
[    4.162648] e1000: Copyright (c) 1999-2006 Intel Corporation.
[    4.209543] Fusion MPT base driver 3.04.20
[    4.219771] Copyright (c) 1999-2008 LSI Corporation
[    4.250196] AVX2 version of gcm_enc/dec engaged.
[    4.261673] AES CTR mode by8 optimization enabled
[    4.288396] Fusion MPT SPI Host driver 3.04.20
[    4.419746] input: ImExPS/2 Generic Explorer Mouse as /devices/platform/i8042/serio1/input/input4
[    4.938350] e1000 0000:00:03.0 eth0: (PCI:33MHz:32-bit) 02:84:1b:29:91:81
[    4.946906] e1000 0000:00:03.0 eth0: Intel(R) PRO/1000 Network Connection
[    5.629701] e1000 0000:00:08.0 eth1: (PCI:33MHz:32-bit) 08:00:27:57:8c:28
[    5.641445] e1000 0000:00:08.0 eth1: Intel(R) PRO/1000 Network Connection
[    5.653673] e1000 0000:00:03.0 enp0s3: renamed from eth0
[    5.654477] mptbase: ioc0: Initiating bringup
[    5.681277] e1000 0000:00:08.0 enp0s8: renamed from eth1
[    5.788528] ioc0: LSI53C1030 A0: Capabilities={Initiator}
[    8.313211] scsi host2: ioc0: LSI53C1030 A0, FwRev=00000000h, Ports=1, MaxQ=256, IRQ=20
[    8.628036] scsi 2:0:0:0: Direct-Access     VBOX     HARDDISK         1.0  PQ: 0 ANSI: 5
[    8.637655] scsi target2:0:0: Beginning Domain Validation
[    8.645984] scsi target2:0:0: Domain Validation skipping write tests
[    8.652915] scsi target2:0:0: Ending Domain Validation
[    8.658851] scsi target2:0:0: asynchronous
[    8.665169] scsi 2:0:1:0: Direct-Access     VBOX     HARDDISK         1.0  PQ: 0 ANSI: 5
[    8.674325] scsi target2:0:1: Beginning Domain Validation
[    8.743059] scsi target2:0:1: Domain Validation skipping write tests
[    8.749741] scsi target2:0:1: Ending Domain Validation
[    8.755998] scsi target2:0:1: asynchronous
[    8.774540] sd 2:0:0:0: Attached scsi generic sg0 type 0
[    8.783298] sd 2:0:0:0: [sda] 83886080 512-byte logical blocks: (42.9 GB/40.0 GiB)
[    8.783873] sd 2:0:1:0: [sdb] 20480 512-byte logical blocks: (10.5 MB/10.0 MiB)
[    8.784208] sd 2:0:1:0: [sdb] Write Protect is off
[    8.784402] sd 2:0:1:0: Attached scsi generic sg1 type 0
[    8.784496] sd 2:0:1:0: [sdb] Incomplete mode parameter data
[    8.784497] sd 2:0:1:0: [sdb] Assuming drive cache: write through
[    8.789124] sd 2:0:1:0: [sdb] Attached SCSI disk
[    8.847518] sd 2:0:0:0: [sda] Write Protect is off
[    8.854422] sd 2:0:0:0: [sda] Incomplete mode parameter data
[    8.861697] sd 2:0:0:0: [sda] Assuming drive cache: write through
[    8.873614]  sda: sda1
[    8.879803] sd 2:0:0:0: [sda] Attached SCSI disk
Begin: Loading essential drivers ... [   11.888730] md: linear personality registered for level -1
[   11.901369] md: multipath personality registered for level -4
[   11.914196] md: raid0 personality registered for level 0
[   11.933567] md: raid1 personality registered for level 1
[   12.015177] raid6: sse2x1   gen()  7523 MB/s
[   12.087257] raid6: sse2x1   xor()  5665 MB/s
[   12.159163] raid6: sse2x2   gen() 12992 MB/s
[   12.231171] raid6: sse2x2   xor()  8697 MB/s
[   12.303175] raid6: sse2x4   gen() 13875 MB/s
[   12.379633] raid6: sse2x4   xor()  6112 MB/s
[   12.456027] raid6: avx2x1   gen() 10549 MB/s
[   12.527615] raid6: avx2x2   gen() 10990 MB/s
[   12.603299] raid6: avx2x4   gen() 14100 MB/s
[   12.612670] raid6: using algorithm avx2x4 gen() 14100 MB/s
[   12.621763] raid6: using avx2x2 recovery algorithm
[   12.641850] xor: automatically using best checksumming function:
[   12.725792]    avx       : 60724.000 MB/sec
[   12.749355] async_tx: api initialized (async)
[   12.845353] md: raid6 personality registered for level 6
[   12.857146] md: raid5 personality registered for level 5
[   12.866139] md: raid4 personality registered for level 4
[   12.920956] md: raid10 personality registered for level 10
done.
Begin: Running /scripts/init-premount ... done.
Begin: Mounting root file system ... Begin: Running /scripts/local-top ... done.
Begin: Running /scripts/local-premount ... [   13.064996] Btrfs loaded
Scanning for Btrfs filesystems
done.
Warning: fsck not present, so skipping root file system
[   13.277008] EXT4-fs (sda1): mounted filesystem with ordered data mode. Opts: (null)
done.
Begin: Running /scripts/local-bottom ... done.
Begin: Running /scripts/init-bottom ... done.
[   13.602075] systemd[1]: systemd 229 running in system mode. (+PAM +AUDIT +SELINUX +IMA +APPARMOR +SMACK +SYSVINIT +UTMP +LIBCRYPTSETUP +GCRYPT +GNUTLS +ACL +XZ -LZ4 +SECCOMP +BLKID +ELFUTILS +KMOD -IDN)
[   13.628252] systemd[1]: Detected virtualization oracle.
[   13.636991] systemd[1]: Detected architecture x86-64.

Welcome to [1mUbuntu 16.04.7 LTS[0m!

[   13.672997] systemd[1]: Set hostname to <ubuntu>.
[   13.693520] systemd[1]: Initializing machine ID from random generator.
[   13.701756] systemd[1]: Installed transient /etc/machine-id file.
[   14.011507] systemd[1]: Listening on LVM2 poll daemon socket.
[[0;32m  OK  [0m] Listening on LVM2 poll daemon socket.
[   14.025318] systemd[1]: Listening on udev Control Socket.
[[0;32m  OK  [0m] Listening on udev Control Socket.
[   14.039409] systemd[1]: Started Forward Password Requests to Wall Directory Watch.
[[0;32m  OK  [0m] Started Forward Password Requests to Wall Directory Watch.
[   14.059361] systemd[1]: Listening on udev Kernel Socket.
[[0;32m  OK  [0m] Listening on udev Kernel Socket.
[   14.073712] systemd[1]: Listening on /dev/initctl Compatibility Named Pipe.
[[0;32m  OK  [0m] Listening on /dev/initctl Compatibility Named Pipe.
[   14.090387] systemd[1]: Listening on Journal Audit Socket.
[[0;32m  OK  [0m] Listening on Journal Audit Socket.
[   14.104735] systemd[1]: Listening on Journal Socket.
[[0;32m  OK  [0m] Listening on Journal Socket.
[   14.116570] systemd[1]: Reached target Swap.
[[0;32m  OK  [0m] Reached target Swap.
[   14.127454] systemd[1]: Set up automount Arbitrary Executable File Formats File System Automount Point.
[[0;32m  OK  [0m] Set up automount Arbitrary Executab...ats File System Automount Point.
[   14.147357] systemd[1]: Listening on Syslog Socket.
[[0;32m  OK  [0m] Listening on Syslog Socket.
[   14.158934] systemd[1]: Reached target System Time Synchronized.
[[0;32m  OK  [0m] Reached target System Time Synchronized.
[   14.172600] systemd[1]: Started Trigger resolvconf update for networkd DNS.
[[0;32m  OK  [0m] Started Trigger resolvconf update for networkd DNS.
[   14.189680] systemd[1]: Reached target Encrypted Volumes.
[[0;32m  OK  [0m] Reached target Encrypted Volumes.
[   14.203769] systemd[1]: Created slice System Slice.
[[0;32m  OK  [0m] Created slice System Slice.
[   14.231516] systemd[1]: Starting Set console keymap...
[   14.232618] random: nonblocking pool is initialized
         Starting Set console keymap...
[   14.252437] systemd[1]: Starting Create list of required static device nodes for the current kernel...
         Starting Create list of required st... nodes for the current kernel...
[   14.274368] systemd[1]: Starting Nameserver information manager...
         Starting Nameserver information manager...
[   14.288068] systemd[1]: Mounting Debug File System...
         Mounting Debug File System...
[   14.302117] systemd[1]: Mounting POSIX Message Queue File System...
         Mounting POSIX Message Queue File System...
[   14.322250] systemd[1]: Starting Load Kernel Modules...
         Starting Load Kernel Modules...
[   14.335596] systemd[1]: Mounting Huge Pages File System...
         Mounting Huge Pages File System...
[   14.350753] systemd[1]: Listening on LVM2 metadata daemon socket.
[   14.360991] Loading iSCSI transport class v2.0-870.
[[0;32m  OK  [0m] Listening on LVM2 metadata daemon socket.
[   14.373921] systemd[1]: Starting Uncomplicated firewall...
         Starting Uncomplicated firewall...
[   14.393388] systemd[1]: Listening on Device-mapper event daemon FIFOs.
[[0;32m  OK  [0m] Listening on Device-mapper event daemon FIFOs.
[   14.409673] systemd[1]: Starting Monitoring of LVM2 mirrors, snapshots etc. using dmeventd or progress polling...
[   14.427514] iscsi: registered transport (tcp)
         Starting Monitoring of LVM2 mirrors... dmeventd or progress polling...
[   14.440901] systemd[1]: Created slice User and Session Slice.
[[0;32m  OK  [0m] Created slice User and Session Slice.
[   14.456329] systemd[1]: Reached target Slices.
[[0;32m  OK  [0m] Reached target Slices.
[   14.467793] systemd[1]: Created slice system-serial\x2dgetty.slice.
[[0;32m  OK  [0m] Created slice system-serial\x2dgetty.slice.
[   14.483483] systemd[1]: Listening on Journal Socket (/dev/log).
[[0;32m  OK  [0m] Listening on Journal Socket (/dev/log).
[   14.511709] systemd[1]: Starting Journal Service...
         Starting Journal Service...
[   14.525377] systemd[1]: Reached target User and Group Name Lookups.
[[0;32m  OK  [0m] Reached target User and Group Name Lookups.
[   14.541593] systemd[1]: Listening on fsck to fsckd communication Socket.
[[0;32m  OK  [0m] Listening on fsck to fsckd communication Socket.
[   14.563026] systemd[1]: Starting File System Check on Root Device...
         Starting File System Check on Root Device...
[   14.580757] systemd[1]: Mounted POSIX Message Queue File System.
[[0;32m  OK  [0m] Mounted POSIX Message Queue File System.
[   14.598372] systemd[1]: Mounted Huge Pages File System.
[[0;32m  OK  [0m] Mounted Huge Pages File System.
[   14.612489] systemd[1]: Mounted Debug File System.
[[0;32m  OK  [0m] Mounted Debug File System.
[   14.624175] systemd[1]: Started Journal Service.
[[0;32m  OK  [0m] Started Journal Service.
[[0;32m  OK  [0m] Started Set console keymap.
[[0;32m  OK  [0m] Started Create list of required sta...ce nodes for the current kernel.
[   14.667176] iscsi: registered transport (iser)
[[0;32m  OK  [0m] Started Uncomplicated firewall.
[[0;32m  OK  [0m] Started File System Check on Root Device.
[[0;32m  OK  [0m] Started Nameserver information manager.
[[0;32m  OK  [0m] Started File System Check Daemon to report status.
[[0;32m  OK  [0m] Started LVM2 metadata daemon.
         Starting Remount Root and Kernel File Systems...
         Starting Create Static Device Nodes in /dev...
[[0;32m  OK  [0m] Started Load Kernel Modules.
[   14.816985] EXT4-fs (sda1): re-mounted. Opts: (null)
         Mounting FUSE Control File System...
         Starting Apply Kernel Variables...
[[0;32m  OK  [0m] Mounted FUSE Control File System.
[[0;32m  OK  [0m] Started Remount Root and Kernel File Systems.
         Starting udev Coldplug all Devices...
         Starting Load/Save Random Seed...
         Starting Flush Journal to Persistent Storage...
[[0;32m  OK  [0m] Started Create Static Device Nodes in /dev.
[[0;32m  OK  [0m] Started Apply Kernel Variables.
[[0;32m  OK  [0m] Started Load/Save Random Seed.
         Starting udev Kernel Device Manager...
[[0;32m  OK  [0m] Started Flush Journal to Persistent Storage.
[[0;32m  OK  [0m] Started udev Coldplug all Devices.
[[0;32m  OK  [0m] Started udev Kernel Device Manager.
[[0;32m  OK  [0m] Started Dispatch Password Requests to Console Directory Watch.
[[0;32m  OK  [0m] Started Monitoring of LVM2 mirrors,...ng dmeventd or progress polling.
[[0;32m  OK  [0m] Reached target Local File Systems (Pre).
[[0;32m  OK  [0m] Reached target Local File Systems.
         Starting Set console font and keymap...
         Starting Tell Plymouth To Write Out Runtime Data...
         Starting Initial cloud-init job (pre-networking)...
         Starting Commit a transient machine-id on disk...
         Starting LSB: AppArmor initialization...
         Starting Create Volatile Files and Directories...
[[0;32m  OK  [0m] Started Tell Plymouth To Write Out Runtime Data.
[[0;32m  OK  [0m] Started Create Volatile Files and Directories.
         Starting Update UTMP about System Boot/Shutdown...
[[0;32m  OK  [0m] Started Commit a transient machine-id on disk.
[[0;32m  OK  [0m] Started Update UTMP about System Boot/Shutdown.
[[0;32m  OK  [0m] Found device /dev/ttyS0.
[[0;32m  OK  [0m] Listening on Load/Save RF Kill Switch Status /dev/rfkill Watch.
[[0;32m  OK  [0m] Started LSB: AppArmor initialization.
[   15.690563] cloud-init[503]: Cloud-init v. 20.4.1-0ubuntu1~16.04.1 running 'init-local' at Mon, 24 May 2021 12:10:12 +0000. Up 15.04 seconds.
         Starting Load AppArmor profiles managed internally by snapd...
[[0;32m  OK  [0m] Started Initial cloud-init job (pre-networking).
[[0;32m  OK  [0m] Started Load AppArmor profiles managed internally by snapd.
[[0;32m  OK  [0m] Reached target Network (Pre).
         Starting Raise network interfaces...
[[0;32m  OK  [0m] Started Set console font and keymap.
[[0;32m  OK  [0m] Created slice system-getty.slice.
[[0;32m  OK  [0m] Started Raise network interfaces.
[[0;32m  OK  [0m] Reached target Network.
         Starting Initial cloud-init job (metadata service crawler)...
[   21.818569] cloud-init[967]: Cloud-init v. 20.4.1-0ubuntu1~16.04.1 running 'init' at Mon, 24 May 2021 12:10:17 +0000. Up 20.73 seconds.
[   21.842563] cloud-init[967]: ci-info: ++++++++++++++++++++++++++++++++++++++Net device info+++++++++++++++++++++++++++++++++++++++
[   21.851230] cloud-init[967]: ci-info: +--------+-------+----------------------------+---------------+--------+-------------------+
[   21.859498] cloud-init[967]: ci-info: | Device |   Up  |          Address           |      Mask     | Scope  |     Hw-Address    |
[   21.869810] cloud-init[967]: ci-info: +--------+-------+----------------------------+---------------+--------+-------------------+
[   21.878194] cloud-init[967]: ci-info: | enp0s3 |  True |         10.0.2.15          | 255.255.255.0 | global | 02:84:1b:29:91:81 |
[   21.886617] cloud-init[967]: ci-info: | enp0s3 |  True | fe80::84:1bff:fe29:9181/64 |       .       |  link  | 02:84:1b:29:91:81 |
[   21.894563] cloud-init[967]: ci-info: | enp0s8 | False |             .              |       .       |   .    | 08:00:27:57:8c:28 |
[   21.902508] cloud-init[967]: ci-info: |   lo   |  True |         127.0.0.1          |   255.0.0.0   |  host  |         .         |
[   21.910693] cloud-init[967]: ci-info: |   lo   |  True |          ::1/128           |       .       |  host  |         .         |
[   21.918614] cloud-init[967]: ci-info: +--------+-------+----------------------------+---------------+--------+-------------------+
[   21.926573] cloud-init[967]: ci-info: +++++++++++++++++++++++++++Route IPv4 info++++++++++++++++++++++++++++
[   21.933716] cloud-init[967]: ci-info: +-------+-------------+----------+---------------+-----------+-------+
[   21.941253] cloud-init[967]: ci-info: | Route | Destination | Gateway  |    Genmask    | Interface | Flags |
[   21.948472] cloud-init[967]: ci-info: +-------+-------------+----------+---------------+-----------+-------+
[   21.956051] cloud-init[967]: ci-info: |   0   |   0.0.0.0   | 10.0.2.2 |    0.0.0.0    |   enp0s3  |   UG  |
[   21.963233] cloud-init[967]: ci-info: |   1   |   10.0.2.0  | 0.0.0.0  | 255.255.255.0 |   enp0s3  |   U   |
[   21.970679] cloud-init[967]: ci-info: +-------+-------------+----------+---------------+-----------+-------+
[   21.978537] cloud-init[967]: ci-info: +++++++++++++++++++Route IPv6 info+++++++++++++++++++
[   21.984698] cloud-init[967]: ci-info: +-------+-------------+---------+-----------+-------+
[   21.990905] cloud-init[967]: ci-info: | Route | Destination | Gateway | Interface | Flags |
[   22.000238] cloud-init[967]: ci-info: +-------+-------------+---------+-----------+-------+
[   22.006849] cloud-init[967]: ci-info: |   0   |  fe80::/64  |    ::   |   enp0s3  |   U   |
[   22.013140] cloud-init[967]: ci-info: |   3   |   ff00::/8  |    ::   |   enp0s3  |   U   |
[   22.019323] cloud-init[967]: ci-info: +-------+-------------+---------+-----------+-------+
[   22.025615] cloud-init[967]: Generating public/private rsa key pair.
[   22.030682] cloud-init[967]: Your identification has been saved in /etc/ssh/ssh_host_rsa_key.
[   22.037091] cloud-init[967]: Your public key has been saved in /etc/ssh/ssh_host_rsa_key.pub.
[   22.043616] cloud-init[967]: The key fingerprint is:
[   22.047913] cloud-init[967]: SHA256:FpgmkvlYEkyRlLhEZm9YTuBR24RyQJKmGToP08vODSg root@ubuntu-xenial
[   22.083414] cloud-init[967]: The key's randomart image is:
[   22.099347] cloud-init[967]: +---[RSA 2048]----+
[   22.119421] cloud-init[967]: |+#OB..           |
[   22.135477] cloud-init[967]: |O+@*+  o         |
[   22.151410] cloud-init[967]: |=BB=o.+ .        |
[   22.164876] cloud-init[967]: |O o* o   .       |
[   22.171750] cloud-init[967]: | B...   S        |
[   22.178938] cloud-init[967]: |E =    .         |
[   22.185349] cloud-init[967]: |.o o             |
[[0;32m  OK  [0m] Started Initial cloud-init job (metadata service crawler).
[[0;32m  OK  [0m] Reached target Cloud-config availability.
[[0;32m  OK  [0m] Reached target Network is Online.
[   22.192123] cloud-init[967]: |  o .            |
[   22.215595] cloud-init[967]: |                 |
[   22.221497] cloud-init[967]: +----[SHA256]-----+
[   22.228620] cloud-init[967]: Generating public/private dsa key pair.
         Starting iSCSI initiator daemon (iscsid)...
[   22.239392] [[0;32m  OK  [0m] Reached target System Initialization.
cloud-init         Starting LXD - unix socket.
[[0;32m  OK  [0m] Started Message of the Day.
[[967]: [0;32m  OK  [0m] Listening on ACPID Listen Socket.
[[0;32m  OK  [0m] Started Daily Cleanup of Temporary Directories.
[[0;32m  OK  [0m] Started Daily apt download activities.
[[0;32m  OK  [0m] Listening on D-Bus System Message Bus Socket.
         Starting Socket activation for snappy daemon.
Your identification has been saved in /etc/ssh/ssh_host_dsa_key.
[[0;32m  OK  [0m] Started ACPI Events Check.
[   22.308603] cloud-init[[0;32m  OK  [0m] Reached target Paths.
[[0;32m  OK  [0m] Started Daily apt upgrade and clean activities.
[[0;32m  OK  [0m] Reached target Timers.
[[0;32m  OK  [0m] Listening on UUID daemon activation socket.
[[0;32m  OK  [0m] Listening on LXD - unix socket.
[[0;32m  OK  [0m] Listening on Socket activation for snappy daemon.
[[0;32m  OK  [0m] Reached target Sockets.
[[0;32m  OK  [0m] Reached target Basic System.
[967]: Your public key has been saved in /etc/ssh/ssh_host_dsa_key.pub.
[   22.355114] cloud-init[967]: The key fingerprint is:
         Starting LSB: MD monitoring daemon...
         Starting Login Service...
[   22.367410] cloud-init[967]: SHA256:R8ewSTB/HrN/lQ5Y9wvz1uIxT6zQjsc6btIxnzOHC+U root@ubuntu-xenial
[   22.393488] cloud-init[967]: The key's randomart image is:
[   22.393572] cloud-init[967]: +---[DSA 1024]----+
[   22.393626] [[0;32m  OK  [0m] Started ACPI event daemon.
[[0;32m  OK  [0m] Started Deferred execution scheduler.
         Starting System Logging Service...
         Starting Virtualbox guest utils...
cloud-init[967]: |        o.o      |
[[0;32m  OK  [0m] Started Regular background program processing daemon.
[[0;32m  OK  [0m] Started D-Bus System Message Bus.
[   22.436460] cloud-init[967]: |         + =     |
[   22.469360] cloud-init[967]: |          = *. . |
[   22.481505] cloud-init[967]: |         . +o+. o|
[   22.493269] cloud-init[967]: |        S ..o+..o|
[   22.506414] cloud-init[967]: |         .  o=*.+|
[   22.515843] cloud-init[967]: |           .o=EB=|
[   22.526069] cloud-init[967]: |          . +*XO.|
[   22.536943] cloud-init[967]: |           +++==.|
[   22.547176] cloud-init[967]: +----[SHA256]-----+
[   22.558109] cloud-init[967]: Generating public/private ecdsa key pair.
[   22.567695] cloud-init[967]:          Starting /etc/rc.local Compatibility...
Your identification has been saved in /etc/ssh/ssh_host_ecdsa_key.         Starting Snap Daemon...

         Starting Pollinate to seed the pseudo random number generator...
[   22.603469]          Starting Accounts Service...
         Starting LSB: Record successful boot for GRUB...
[[0;32m  OK  [0m] Started FUSE filesystem for LXC.
         Starting LXD - container startup/shutdown...
[[0;32m  OK  [0m] Started System Logging Service.
[[0;32m  OK  [0m] Started /etc/rc.local Compatibility.
cloud-init[967]: Your public key has been saved in /etc/ssh/ssh_host_ecdsa_key.pub.
[   22.669547] cloud-init[967]: The key fingerprint is:
[   22.698551] [[0;32m  OK  [0m] Started iSCSI initiator daemon (iscsid).
[[0;32m  OK  [0m] Started Login Service.
[[0;32m  OK  [0m] Started Unattended Upgrades Shutdown.
cloud-init[967]: SHA256:u9gcxslIkfL9awyLEhha823d9RgMvy++jbHC14CziLk root@ubuntu-xenial
         Starting Login to default iSCSI targets...
[   22.726567] cloud-init[967]: The key's randomart image is:
[   22.762669] cloud-init[[0;32m  OK  [0m] Started LSB: MD monitoring daemon.
[967]: +---[ECDSA 256]---+
[   22.777500] cloud-init[967]: |                 |
[   22.788972] cloud-init[967]: |       .  .      |[[0;32m  OK  [0m] Started Login to default iSCSI targets.
[[0;32m  OK  [0m] Reached target Remote File Systems (Pre).
[[0;32m  OK  [0m] Reached target Remote File Systems.

         Starting LSB: automatic crash report generation...
         Starting LSB: daemon to balance interrupts for SMP systems...
         Starting Permit User Sessions...
         Starting LSB: Set the CPU Frequency Scaling governor to "ondemand"...
[   22.841038] cloud-init[967]: |    . o    +     |[[0;32m  OK  [0m] Started LSB: Record successful boot for GRUB.

[[0;32m  OK  [0m] Started Permit User Sessions.
         Starting Hold until boot process finishes up...
         Starting Terminate Plymouth Boot Screen...
[   22.929549] cloud-init[967]: |  +  o o    =    |
[   22.973815] cloud-init[967]: | o = .o.S. o =   |
[   22.986978] [[0;32m  OK  [0m] Started Hold until boot process finishes up.
cloud-init[967]: |. . o.o+o++ + .  |
[[0;32m  OK  [0m] Started Terminate Plymouth Boot Screen.
[   23.023665] cloud-init[967]: |     o.+B*.o.+   |
[   23.029014] cloud-init[967]: |    . +=oo*.o=o  |
[   23.040771] [[0;32m  OK  [0m] Started Serial Getty on ttyS0.
cloud-init[967]: |     .E.+..+=o.  |[[0;32m  OK  [0m] Started Getty on tty1.
[[0;32m  OK  [0m] Reached target Login Prompts.
         Starting Set console scheme...
[[0;32m  OK  [0m] Started LSB: daemon to balance interrupts for SMP systems.

[   23.078466] cloud-init[967]: +----[SHA256]-----+[[0;32m  OK  [0m] Started LSB: Set the CPU Frequency Scaling governor to "ondemand".
[[0;32m  OK  [0m] Started LSB: automatic crash report generation.

[[0;32m  OK  [0m] Started Set console scheme.
[   23.110722] cloud-init[967]: Generating public/private ed25519 key pair.
[   23.132087] cloud-init[967]: [[0;32m  OK  [0m] Started Virtualbox guest utils.
Your identification has been saved in /etc/ssh/ssh_host_ed25519_key.
[   23.155755] cloud-init[967]: Your public key has been saved in /etc/ssh/ssh_host_ed25519_key.pub.
[   23.182933] cloud-init[967]: The key fingerprint is:
[   23.212628]          Starting Authenticate and Authorize Users to Run Privileged Tasks...
cloud-init[967]: SHA256:819PZOXtz4fIp2gGVgnXBr8YZfcsxqrGjHrKVMxLp5E root@ubuntu-xenial
[   23.287272] cloud-init[967]: The key's randomart image is:
[   23.299379] cloud-init[967]: +--[ED25519 256]--+
[   23.310529] cloud-init[967]: |          .oo .  |
[   23.328064] cloud-init[967]: |        . .+oo o |
[   23.341322] cloud-init[967]: |         o.o. + +|
[   23.352264] cloud-init[[0;32m  OK  [0m] Started Authenticate and Authorize Users to Run Privileged Tasks.
[967]: |       o .oo + oo|
[   23.369553] cloud-init[967]: |        E.o o   =|[[0;32m  OK  [0m] Started Accounts Service.

[   23.383835] cloud-init[967]: |       oo@ .   + |
[   23.392740] cloud-init[967]: |      ..+.*. ...o|
[   23.402484] cloud-init[967]: |     o ...ooo.o+o|
[   23.412868] cloud-init[967]: |      +o o. oo  =|
[   23.424960] cloud-init[967]: +----[SHA256]-----+
[[0;32m  OK  [0m] Started LXD - container startup/shutdown.
[[0;32m  OK  [0m] Started Pollinate to seed the pseudo random number generator.
         Starting OpenBSD Secure Shell server...
[[0;32m  OK  [0m] Started Snap Daemon.
         Starting Wait until snapd is fully seeded...
[[0;32m  OK  [0m] Started OpenBSD Secure Shell server.
[[0;32m  OK  [0m] Created slice User Slice of vagrant.
         Starting User Manager for UID 1000...
[[0;32m  OK  [0m] Started Session 1 of user vagrant.
[[0;32m  OK  [0m] Started User Manager for UID 1000.
[[0;32m  OK  [0m] Started Wait until snapd is fully seeded.
         Starting Apply the settings specified in cloud-config...
[[0;32m  OK  [0m] Reached target Multi-User System.
[[0;32m  OK  [0m] Reached target Graphical Interface.
         Starting Update UTMP about System Runlevel Changes...
[[0;32m  OK  [0m] Started Update UTMP about System Runlevel Changes.
[   26.010771] cloud-init[1407]: Generating locales (this might take a while)...
         Starting Hostname Service...
[[0;32m  OK  [0m] Started Hostname Service.
[   27.103270] cloud-init[1407]:   en_US.UTF-8... done
[   27.112573] cloud-init[1407]: Generation complete.
[[0;32m  OK  [0m] Stopped ifup for enp0s3.
[[0;32m  OK  [0m] Started ifup for enp0s3.
[[0;32m  OK  [0m] Stopped ifup for enp0s8.
[[0;32m  OK  [0m] Started ifup for enp0s8.
[   27.806332] cloud-init[1407]: Cloud-init v. 20.4.1-0ubuntu1~16.04.1 running 'modules:config' at Mon, 24 May 2021 12:10:23 +0000. Up 25.85 seconds.
[[0;32m  OK  [0m] Started Apply the settings specified in cloud-config.
         Starting Execute cloud user/final scripts...
ci-info: no authorized SSH keys fingerprints found for user ubuntu.
<14>May 24 12:10:25 ec2: 
<14>May 24 12:10:25 ec2: #############################################################
<14>May 24 12:10:25 ec2: -----BEGIN SSH HOST KEY FINGERPRINTS-----
<14>May 24 12:10:25 ec2: 1024 SHA256:R8ewSTB/HrN/lQ5Y9wvz1uIxT6zQjsc6btIxnzOHC+U root@ubuntu-xenial (DSA)
<14>May 24 12:10:25 ec2: 256 SHA256:u9gcxslIkfL9awyLEhha823d9RgMvy++jbHC14CziLk root@ubuntu-xenial (ECDSA)
<14>May 24 12:10:25 ec2: 256 SHA256:819PZOXtz4fIp2gGVgnXBr8YZfcsxqrGjHrKVMxLp5E root@ubuntu-xenial (ED25519)
<14>May 24 12:10:25 ec2: 2048 SHA256:FpgmkvlYEkyRlLhEZm9YTuBR24RyQJKmGToP08vODSg root@ubuntu-xenial (RSA)
<14>May 24 12:10:25 ec2: -----END SSH HOST KEY FINGERPRINTS-----
<14>May 24 12:10:25 ec2: #############################################################
-----BEGIN SSH HOST KEY KEYS-----
ecdsa-sha2-nistp256 AAAAE2VjZHNhLXNoYTItbmlzdHAyNTYAAAAIbmlzdHAyNTYAAABBBKIE94+m5Ba9euM2ndgHkdoevACzEYol58oLZHMgYYfwun5giPmEY7XqAce/lHwX4fU0Qhi1jINrh3Itv3VAIsk= root@ubuntu-xenial
ssh-ed25519 AAAAC3NzaC1lZDI1NTE5AAAAIKWlMZpYanfPauCgQIHtn4trlHv5Z6EZqUtSi9tKH9dt root@ubuntu-xenial
ssh-rsa AAAAB3NzaC1yc2EAAAADAQABAAABAQCdVQIeRnptXvhc+OIZnh8+2FZunYOXJ3Uv4nkdgmcwNYl926xidzEVviUi5SQRZwJCr9glHOc9zizAN/UR+xkPrLerUe0twMiMUngnsNxMPySBYM7WwfhbXSG94x9/QzwVScgARKDQqnXeXsolzYdvArSpSdPskvXGAtFrun5XdGJSRm8LNyQZ5vfUjAnrQudntcUe+B+e3d3XNJHxNJlM+34T+uoQ47eTCG4/SS1dDStAVJKUh/phnZ+oDOyJxB3B/vc64WOtLzEjqFadJpO0OKN7FGYJSGhxyPQiJnZyKDJIQbIsaKszESrpicF8LThSvv8uGdiToNmds44lbz9B root@ubuntu-xenial
-----END SSH HOST KEY KEYS-----
[   28.698493] cloud-init[1696]: Cloud-init v. 20.4.1-0ubuntu1~16.04.1 running 'modules:final' at Mon, 24 May 2021 12:10:25 +0000. Up 28.36 seconds.
[   28.699126] cloud-init[1696]: ci-info: no authorized SSH keys fingerprints found for user ubuntu.
[   28.701477] cloud-init[1696]: Cloud-init v. 20.4.1-0ubuntu1~16.04.1 finished at Mon, 24 May 2021 12:10:25 +0000. Datasource DataSourceNoCloud [seed=/dev/sdb][dsmode=net].  Up 28.69 seconds

Ubuntu 16.04.7 LTS Leon-productie-01-webserver2 ttyS0

Leon-productie-01-webserver2 login: 