[    0.000000] Linux version 4.15.0-143-generic (buildd@lcy01-amd64-001) (gcc version 7.5.0 (Ubuntu 7.5.0-3ubuntu1~18.04)) #147-Ubuntu SMP Wed Apr 14 16:10:11 UTC 2021 (Ubuntu 4.15.0-143.147-generic 4.15.18)
[    0.000000] Command line: BOOT_IMAGE=/boot/vmlinuz-4.15.0-143-generic root=LABEL=cloudimg-rootfs ro console=tty1 console=ttyS0
[    0.000000] KERNEL supported cpus:
[    0.000000]   Intel GenuineIntel
[    0.000000]   AMD AuthenticAMD
[    0.000000]   Centaur CentaurHauls
[    0.000000] x86/fpu: Supporting XSAVE feature 0x001: 'x87 floating point registers'
[    0.000000] x86/fpu: Supporting XSAVE feature 0x002: 'SSE registers'
[    0.000000] x86/fpu: Supporting XSAVE feature 0x004: 'AVX registers'
[    0.000000] x86/fpu: xstate_offset[2]:  576, xstate_sizes[2]:  256
[    0.000000] x86/fpu: Enabled xstate features 0x7, context size is 832 bytes, using 'standard' format.
[    0.000000] e820: BIOS-provided physical RAM map:
[    0.000000] BIOS-e820: [mem 0x0000000000000000-0x000000000009fbff] usable
[    0.000000] BIOS-e820: [mem 0x000000000009fc00-0x000000000009ffff] reserved
[    0.000000] BIOS-e820: [mem 0x00000000000f0000-0x00000000000fffff] reserved
[    0.000000] BIOS-e820: [mem 0x0000000000100000-0x000000003ffeffff] usable
[    0.000000] BIOS-e820: [mem 0x000000003fff0000-0x000000003fffffff] ACPI data
[    0.000000] BIOS-e820: [mem 0x00000000fec00000-0x00000000fec00fff] reserved
[    0.000000] BIOS-e820: [mem 0x00000000fee00000-0x00000000fee00fff] reserved
[    0.000000] BIOS-e820: [mem 0x00000000fffc0000-0x00000000ffffffff] reserved
[    0.000000] NX (Execute Disable) protection: active
[    0.000000] SMBIOS 2.5 present.
[    0.000000] DMI: innotek GmbH VirtualBox/VirtualBox, BIOS VirtualBox 12/01/2006
[    0.000000] Hypervisor detected: KVM
[    0.000000] e820: last_pfn = 0x3fff0 max_arch_pfn = 0x400000000
[    0.000000] MTRR: Disabled
[    0.000000] x86/PAT: MTRRs disabled, skipping PAT initialization too.
[    0.000000] CPU MTRRs all blank - virtualized system.
[    0.000000] x86/PAT: Configuration [0-7]: WB  WT  UC- UC  WB  WT  UC- UC  
[    0.000000] found SMP MP-table at [mem 0x0009fff0-0x0009ffff]
[    0.000000] Scanning 1 areas for low memory corruption
[    0.000000] RAMDISK: [mem 0x359d1000-0x36cdffff]
[    0.000000] ACPI: Early table checksum verification disabled
[    0.000000] ACPI: RSDP 0x00000000000E0000 000024 (v02 VBOX  )
[    0.000000] ACPI: XSDT 0x000000003FFF0030 00003C (v01 VBOX   VBOXXSDT 00000001 ASL  00000061)
[    0.000000] ACPI: FACP 0x000000003FFF00F0 0000F4 (v04 VBOX   VBOXFACP 00000001 ASL  00000061)
[    0.000000] ACPI: DSDT 0x000000003FFF0470 002325 (v02 VBOX   VBOXBIOS 00000002 INTL 20190509)
[    0.000000] ACPI: FACS 0x000000003FFF0200 000040
[    0.000000] ACPI: FACS 0x000000003FFF0200 000040
[    0.000000] ACPI: APIC 0x000000003FFF0240 00005C (v02 VBOX   VBOXAPIC 00000001 ASL  00000061)
[    0.000000] ACPI: SSDT 0x000000003FFF02A0 0001CC (v01 VBOX   VBOXCPUT 00000002 INTL 20190509)
[    0.000000] No NUMA configuration found
[    0.000000] Faking a node at [mem 0x0000000000000000-0x000000003ffeffff]
[    0.000000] NODE_DATA(0) allocated [mem 0x3ffc5000-0x3ffeffff]
[    0.000000] kvm-clock: cpu 0, msr 0:3ff44001, primary cpu clock
[    0.000000] kvm-clock: Using msrs 4b564d01 and 4b564d00
[    0.000000] kvm-clock: using sched offset of 6313568297 cycles
[    0.000000] clocksource: kvm-clock: mask: 0xffffffffffffffff max_cycles: 0x1cd42e4dffb, max_idle_ns: 881590591483 ns
[    0.000000] Zone ranges:
[    0.000000]   DMA      [mem 0x0000000000001000-0x0000000000ffffff]
[    0.000000]   DMA32    [mem 0x0000000001000000-0x000000003ffeffff]
[    0.000000]   Normal   empty
[    0.000000]   Device   empty
[    0.000000] Movable zone start for each node
[    0.000000] Early memory node ranges
[    0.000000]   node   0: [mem 0x0000000000001000-0x000000000009efff]
[    0.000000]   node   0: [mem 0x0000000000100000-0x000000003ffeffff]
[    0.000000] Reserved but unavailable: 98 pages
[    0.000000] Initmem setup node 0 [mem 0x0000000000001000-0x000000003ffeffff]
[    0.000000] ACPI: PM-Timer IO Port: 0x4008
[    0.000000] IOAPIC[0]: apic_id 2, version 32, address 0xfec00000, GSI 0-23
[    0.000000] ACPI: INT_SRC_OVR (bus 0 bus_irq 0 global_irq 2 dfl dfl)
[    0.000000] ACPI: INT_SRC_OVR (bus 0 bus_irq 9 global_irq 9 low level)
[    0.000000] Using ACPI (MADT) for SMP configuration information
[    0.000000] smpboot: Allowing 2 CPUs, 0 hotplug CPUs
[    0.000000] PM: Registered nosave memory: [mem 0x00000000-0x00000fff]
[    0.000000] PM: Registered nosave memory: [mem 0x0009f000-0x0009ffff]
[    0.000000] PM: Registered nosave memory: [mem 0x000a0000-0x000effff]
[    0.000000] PM: Registered nosave memory: [mem 0x000f0000-0x000fffff]
[    0.000000] e820: [mem 0x40000000-0xfebfffff] available for PCI devices
[    0.000000] Booting paravirtualized kernel on KVM
[    0.000000] clocksource: refined-jiffies: mask: 0xffffffff max_cycles: 0xffffffff, max_idle_ns: 7645519600211568 ns
[    0.000000] random: get_random_bytes called from start_kernel+0x99/0x500 with crng_init=0
[    0.000000] setup_percpu: NR_CPUS:8192 nr_cpumask_bits:2 nr_cpu_ids:2 nr_node_ids:1
[    0.000000] percpu: Embedded 45 pages/cpu s147456 r8192 d28672 u1048576
[    0.000000] PV qspinlock hash table entries: 256 (order: 0, 4096 bytes)
[    0.000000] Built 1 zonelists, mobility grouping on.  Total pages: 257913
[    0.000000] Policy zone: DMA32
[    0.000000] Kernel command line: BOOT_IMAGE=/boot/vmlinuz-4.15.0-143-generic root=LABEL=cloudimg-rootfs ro console=tty1 console=ttyS0
[    0.000000] Memory: 982724K/1048120K available (12300K kernel code, 2483K rwdata, 4316K rodata, 2444K init, 2724K bss, 65396K reserved, 0K cma-reserved)
[    0.000000] SLUB: HWalign=64, Order=0-3, MinObjects=0, CPUs=2, Nodes=1
[    0.000000] Kernel/User page tables isolation: enabled
[    0.000000] ftrace: allocating 39437 entries in 155 pages
[    0.004000] Hierarchical RCU implementation.
[    0.004000] 	RCU restricting CPUs from NR_CPUS=8192 to nr_cpu_ids=2.
[    0.004000] 	Tasks RCU enabled.
[    0.004000] RCU: Adjusting geometry for rcu_fanout_leaf=16, nr_cpu_ids=2
[    0.004000] NR_IRQS: 524544, nr_irqs: 440, preallocated irqs: 16
[    0.004000] Console: colour VGA+ 80x25
[    0.004000] console [tty1] enabled
[    0.004000] console [ttyS0] enabled
[    0.004000] ACPI: Core revision 20170831
[    0.004000] ACPI: 2 ACPI AML tables successfully acquired and loaded
[    0.004000] APIC: Switch to symmetric I/O mode setup
[    0.004000] x2apic enabled
[    0.004000] Switched APIC routing to physical x2apic.
[    0.004000] ..TIMER: vector=0x30 apic1=0 pin1=2 apic2=-1 pin2=-1
[    0.004008] tsc: Detected 2992.914 MHz processor
[    0.008018] Calibrating delay loop (skipped) preset value.. 5985.82 BogoMIPS (lpj=11971656)
[    0.012010] pid_max: default: 32768 minimum: 301
[    0.016058] Security Framework initialized
[    0.020010] Yama: becoming mindful.
[    0.024055] AppArmor: AppArmor initialized
[    0.036130] Dentry cache hash table entries: 131072 (order: 8, 1048576 bytes)
[    0.040357] Inode-cache hash table entries: 65536 (order: 7, 524288 bytes)
[    0.044042] Mount-cache hash table entries: 2048 (order: 2, 16384 bytes)
[    0.048024] Mountpoint-cache hash table entries: 2048 (order: 2, 16384 bytes)
[    0.053281] Last level iTLB entries: 4KB 64, 2MB 8, 4MB 8
[    0.056007] Last level dTLB entries: 4KB 64, 2MB 0, 4MB 0, 1GB 4
[    0.060022] Spectre V1 : Mitigation: usercopy/swapgs barriers and __user pointer sanitization
[    0.064008] Spectre V2 : Mitigation: Full generic retpoline
[    0.068006] Spectre V2 : Spectre v2 / SpectreRSB mitigation: Filling RSB on context switch
[    0.072006] Speculative Store Bypass: Vulnerable
[    0.076050] MDS: Mitigation: Clear CPU buffers
[    0.080256] Freeing SMP alternatives memory: 36K
[    0.198539] smpboot: CPU0: Intel(R) Xeon(R) Gold 6248R CPU @ 3.00GHz (family: 0x6, model: 0x4f, stepping: 0x0)
[    0.200162] Performance Events: unsupported p6 CPU model 79 no PMU driver, software events only.
[    0.204137] Hierarchical SRCU implementation.
[    0.208839] NMI watchdog: Perf event create on CPU 0 failed with -2
[    0.212008] NMI watchdog: Perf NMI watchdog permanently disabled
[    0.216154] smp: Bringing up secondary CPUs ...
[    0.224245] x86: Booting SMP configuration:
[    0.228005] .... node  #0, CPUs:      #1
[    0.004000] kvm-clock: cpu 1, msr 0:3ff44041, secondary cpu clock
[    0.243376] smp: Brought up 1 node, 2 CPUs
[    0.244012] smpboot: Max logical packages: 1
[    0.248007] smpboot: Total of 2 processors activated (11971.65 BogoMIPS)
[    0.256004] devtmpfs: initialized
[    0.259932] x86/mm: Memory block size: 128MB
[    0.260249] evm: security.selinux
[    0.264005] evm: security.SMACK64
[    0.268022] evm: security.SMACK64EXEC
[    0.272006] evm: security.SMACK64TRANSMUTE
[    0.276004] evm: security.SMACK64MMAP
[    0.280005] evm: security.apparmor
[    0.284005] evm: security.ima
[    0.288004] evm: security.capability
[    0.296073] clocksource: jiffies: mask: 0xffffffff max_cycles: 0xffffffff, max_idle_ns: 7645041785100000 ns
[    0.300021] futex hash table entries: 512 (order: 3, 32768 bytes)
[    0.308112] pinctrl core: initialized pinctrl subsystem
[    0.312338] RTC time: 17:10:36, date: 05/19/21
[    0.316409] NET: Registered protocol family 16
[    0.324120] audit: initializing netlink subsys (disabled)
[    0.328082] audit: type=2000 audit(1621444243.208:1): state=initialized audit_enabled=0 res=1
[    0.332054] cpuidle: using governor ladder
[    0.336020] cpuidle: using governor menu
[    0.340083] ACPI: bus type PCI registered
[    0.344006] acpiphp: ACPI Hot Plug PCI Controller Driver version: 0.5
[    0.348150] PCI: Using configuration type 1 for base access
[    0.357029] HugeTLB registered 2.00 MiB page size, pre-allocated 0 pages
[    0.364108] ACPI: Added _OSI(Module Device)
[    0.368009] ACPI: Added _OSI(Processor Device)
[    0.376081] ACPI: Added _OSI(3.0 _SCP Extensions)
[    0.380132] ACPI: Added _OSI(Processor Aggregator Device)
[    0.384011] ACPI: Added _OSI(Linux-Dell-Video)
[    0.392009] ACPI: Added _OSI(Linux-Lenovo-NV-HDMI-Audio)
[    0.400009] ACPI: Added _OSI(Linux-HPI-Hybrid-Graphics)
[    0.408110] ACPI: Executed 1 blocks of module-level executable AML code
[    0.417369] ACPI: Interpreter enabled
[    0.420030] ACPI: (supports S0 S5)
[    0.424007] ACPI: Using IOAPIC for interrupt routing
[    0.432396] PCI: Using host bridge windows from ACPI; if necessary, use "pci=nocrs" and report a bug
[    0.440512] ACPI: Enabled 2 GPEs in block 00 to 07
[    0.457773] ACPI: PCI Root Bridge [PCI0] (domain 0000 [bus 00-ff])
[    0.460019] acpi PNP0A03:00: _OSC: OS supports [ASPM ClockPM Segments MSI]
[    0.468730] acpi PNP0A03:00: _OSC: not requesting OS control; OS requires [ExtendedConfig ASPM ClockPM MSI]
[    0.476032] acpi PNP0A03:00: fail to add MMCONFIG information, can't access extended PCI configuration space under this bridge.
[    0.488289] PCI host bridge to bus 0000:00
[    0.492012] pci_bus 0000:00: root bus resource [io  0x0000-0x0cf7 window]
[    0.500012] pci_bus 0000:00: root bus resource [io  0x0d00-0xffff window]
[    0.508014] pci_bus 0000:00: root bus resource [mem 0x000a0000-0x000bffff window]
[    0.516013] pci_bus 0000:00: root bus resource [mem 0x40000000-0xfdffffff window]
[    0.520014] pci_bus 0000:00: root bus resource [bus 00-ff]
[    0.540874] pci 0000:00:01.1: legacy IDE quirk: reg 0x10: [io  0x01f0-0x01f7]
[    0.548008] pci 0000:00:01.1: legacy IDE quirk: reg 0x14: [io  0x03f6]
[    0.552007] pci 0000:00:01.1: legacy IDE quirk: reg 0x18: [io  0x0170-0x0177]
[    0.560010] pci 0000:00:01.1: legacy IDE quirk: reg 0x1c: [io  0x0376]
[    0.670056] pci 0000:00:07.0: quirk: [io  0x4000-0x403f] claimed by PIIX4 ACPI
[    0.680008] pci 0000:00:07.0: quirk: [io  0x4100-0x410f] claimed by PIIX4 SMB
[    0.748149] ACPI: PCI Interrupt Link [LNKA] (IRQs 5 9 10 *11)
[    0.752665] ACPI: PCI Interrupt Link [LNKB] (IRQs 5 9 *10 11)
[    0.756323] ACPI: PCI Interrupt Link [LNKC] (IRQs 5 *9 10 11)
[    0.764225] ACPI: PCI Interrupt Link [LNKD] (IRQs 5 9 10 *11)
[    0.778747] SCSI subsystem initialized
[    0.782465] pci 0000:00:02.0: vgaarb: setting as boot VGA device
[    0.784000] pci 0000:00:02.0: vgaarb: VGA device added: decodes=io+mem,owns=io+mem,locks=none
[    0.800021] pci 0000:00:02.0: vgaarb: bridge control possible
[    0.808009] vgaarb: loaded
[    0.812154] ACPI: bus type USB registered
[    0.820196] usbcore: registered new interface driver usbfs
[    0.824046] usbcore: registered new interface driver hub
[    0.832031] usbcore: registered new device driver usb
[    0.841646] EDAC MC: Ver: 3.0.0
[    0.848153] PCI: Using ACPI for IRQ routing
[    0.856649] NetLabel: Initializing
[    0.860005] NetLabel:  domain hash size = 128
[    0.868006] NetLabel:  protocols = UNLABELED CIPSOv4 CALIPSO
[    0.876054] NetLabel:  unlabeled traffic allowed by default
[    0.888000] clocksource: Switched to clocksource kvm-clock
[    0.919831] VFS: Disk quotas dquot_6.6.0
[    0.929394] VFS: Dquot-cache hash table entries: 512 (order 0, 4096 bytes)
[    0.938365] AppArmor: AppArmor Filesystem Enabled
[    0.944442] pnp: PnP ACPI init
[    0.950925] pnp: PnP ACPI: found 3 devices
[    0.962820] clocksource: acpi_pm: mask: 0xffffff max_cycles: 0xffffff, max_idle_ns: 2085701024 ns
[    0.975017] NET: Registered protocol family 2
[    0.981767] TCP established hash table entries: 8192 (order: 4, 65536 bytes)
[    0.989086] TCP bind hash table entries: 8192 (order: 5, 131072 bytes)
[    0.999950] TCP: Hash tables configured (established 8192 bind 8192)
[    1.007196] UDP hash table entries: 512 (order: 2, 16384 bytes)
[    1.013714] UDP-Lite hash table entries: 512 (order: 2, 16384 bytes)
[    1.021090] NET: Registered protocol family 1
[    1.025599] pci 0000:00:00.0: Limiting direct PCI/PCI transfers
[    1.031530] pci 0000:00:01.0: Activating ISA DMA hang workarounds
[    1.038149] pci 0000:00:02.0: Video device with shadowed ROM at [mem 0x000c0000-0x000dffff]
[    1.047317] Unpacking initramfs...
[    1.524542] Freeing initrd memory: 19516K
[    1.536881] clocksource: tsc: mask: 0xffffffffffffffff max_cycles: 0x2b241f4491f, max_idle_ns: 440795211677 ns
[    1.551680] platform rtc_cmos: registered platform RTC device (no PNP device found)
[    1.562851] Scanning for low memory corruption every 60 seconds
[    1.573133] Initialise system trusted keyrings
[    1.579828] Key type blacklist registered
[    1.591959] workingset: timestamp_bits=36 max_order=18 bucket_order=0
[    1.602904] zbud: loaded
[    1.608158] squashfs: version 4.0 (2009/01/31) Phillip Lougher
[    1.617035] fuse init (API version 7.26)
[    1.628741] Key type asymmetric registered
[    1.634711] Asymmetric key parser 'x509' registered
[    1.643439] Block layer SCSI generic (bsg) driver version 0.4 loaded (major 246)
[    1.655324] io scheduler noop registered
[    1.661620] io scheduler deadline registered
[    1.667219] io scheduler cfq registered (default)
[    1.673145] ACPI: AC Adapter [AC] (on-line)
[    1.678166] input: Power Button as /devices/LNXSYSTM:00/LNXPWRBN:00/input/input0
[    1.686621] ACPI: Power Button [PWRF]
[    1.692501] input: Sleep Button as /devices/LNXSYSTM:00/LNXSLPBN:00/input/input1
[    1.702300] ACPI: Sleep Button [SLPF]
[    1.708556] Serial: 8250/16550 driver, 32 ports, IRQ sharing enabled
[    1.720732] 00:02: ttyS0 at I/O 0x3f8 (irq = 4, base_baud = 115200) is a 16550A
[    1.763999] Linux agpgart interface v0.103
[    1.771250] loop: module loaded
[    1.777344] scsi host0: ata_piix
[    1.781687] scsi host1: ata_piix
[    1.785662] ata1: PATA max UDMA/33 cmd 0x1f0 ctl 0x3f6 bmdma 0xd000 irq 14
[    1.793050] ata2: PATA max UDMA/33 cmd 0x170 ctl 0x376 bmdma 0xd008 irq 15
[    1.800778] libphy: Fixed MDIO Bus: probed
[    1.805558] tun: Universal TUN/TAP device driver, 1.6
[    1.812873] PPP generic driver version 2.4.2
[    1.820461] ehci_hcd: USB 2.0 'Enhanced' Host Controller (EHCI) Driver
[    1.829305] ehci-pci: EHCI PCI platform driver
[    1.835218] ehci-platform: EHCI generic platform driver
[    1.841578] ohci_hcd: USB 1.1 'Open' Host Controller (OHCI) Driver
[    1.849376] ohci-pci: OHCI PCI platform driver
[    1.854262] ohci-platform: OHCI generic platform driver
[    1.859798] uhci_hcd: USB Universal Host Controller Interface driver
[    1.866827] i8042: PNP: PS/2 Controller [PNP0303:PS2K,PNP0f03:PS2M] at 0x60,0x64 irq 1,12
[    1.878694] serio: i8042 KBD port at 0x60,0x64 irq 1
[    1.884402] serio: i8042 AUX port at 0x60,0x64 irq 12
[    1.890518] mousedev: PS/2 mouse device common for all mice
[    1.898105] input: AT Translated Set 2 keyboard as /devices/platform/i8042/serio0/input/input2
[    1.905276] rtc_cmos rtc_cmos: rtc core: registered rtc_cmos as rtc0
[    1.924288] rtc_cmos rtc_cmos: alarms up to one day, 114 bytes nvram
[    1.931097] i2c /dev entries driver
[    1.934984] device-mapper: uevent: version 1.0.3
[    1.940767] device-mapper: ioctl: 4.37.0-ioctl (2017-09-20) initialised: dm-devel@redhat.com
[    1.949407] ledtrig-cpu: registered to indicate activity on CPUs
[    2.020291] NET: Registered protocol family 10
[    2.039557] Segment Routing with IPv6
[    2.044859] NET: Registered protocol family 17
[    2.050125] Key type dns_resolver registered
[    2.055095] mce: Using 0 MCE banks
[    2.058864] RAS: Correctable Errors collector initialized.
[    2.064836] sched_clock: Marking stable (2064666242, 0)->(2867945125, -803278883)
[    2.074228] registered taskstats version 1
[    2.078937] Loading compiled-in X.509 certificates
[    2.089293] Loaded X.509 cert 'Build time autogenerated kernel key: de118354fe72448b469776565e76ac30c08e8db2'
[    2.100129] Loaded X.509 cert 'Canonical Ltd. Live Patch Signing: 14df34d1a87cf37625abec039ef2bf521249b969'
[    2.111623] Loaded X.509 cert 'Canonical Ltd. Kernel Module Signing: 88f752e560a1e0737e31163a466ad7b70a850c19'
[    2.122252] zswap: loaded using pool lzo/zbud
[    2.156738] Key type big_key registered
[    2.161875] Key type trusted registered
[    2.173520] Key type encrypted registered
[    2.178474] AppArmor: AppArmor sha1 policy hashing enabled
[    2.185737] ima: No TPM chip found, activating TPM-bypass! (rc=-19)
[    2.196307] ima: Allocated hash algorithm: sha1
[    2.216280] evm: HMAC attrs: 0x1
[    2.243061]   Magic number: 5:840:188
[    2.268626] rtc_cmos rtc_cmos: setting system clock to 2021-05-19 17:10:38 UTC (1621444238)
[    2.283540] BIOS EDD facility v0.16 2004-Jun-25, 0 devices found
[    2.290826] EDD information not available.
[    2.302762] Freeing unused kernel image memory: 2444K
[    2.320097] Write protecting the kernel read-only data: 20480k
[    2.328693] Freeing unused kernel image memory: 2008K
[    2.341386] Freeing unused kernel image memory: 1828K
[    2.357818] x86/mm: Checked W+X mappings: passed, no W+X pages found.
[    2.366684] x86/mm: Checking user space page tables
[    2.384316] x86/mm: Checked W+X mappings: passed, no W+X pages found.
Loading, please wait...
starting version 237
[    2.523792] Fusion MPT base driver 3.04.20
[    2.531001] Copyright (c) 1999-2008 LSI Corporation
[    2.553879] e1000: Intel(R) PRO/1000 Network Driver - version 7.3.21-k8-NAPI
[    2.564892] e1000: Copyright (c) 1999-2006 Intel Corporation.
[    2.585475] AVX2 version of gcm_enc/dec engaged.
[    2.593193] AES CTR mode by8 optimization enabled
[    2.604026] Fusion MPT SPI Host driver 3.04.20
[    2.618917] mptbase: ioc0: Initiating bringup
[    2.793274] ioc0: LSI53C1030 A0: Capabilities={Initiator}
[    2.821922] input: ImExPS/2 Generic Explorer Mouse as /devices/platform/i8042/serio1/input/input4
[    3.078817] scsi host2: ioc0: LSI53C1030 A0, FwRev=00000000h, Ports=1, MaxQ=256, IRQ=20
[    3.264347] scsi 2:0:0:0: Direct-Access     VBOX     HARDDISK         1.0  PQ: 0 ANSI: 5
[    4.145870] scsi target2:0:0: Beginning Domain Validation
[    4.164549] scsi target2:0:0: Domain Validation skipping write tests
[    4.171021] scsi target2:0:0: Ending Domain Validation
[    4.176619] scsi target2:0:0: asynchronous
[    4.182925] scsi 2:0:1:0: Direct-Access     VBOX     HARDDISK         1.0  PQ: 0 ANSI: 5
[    4.284181] scsi target2:0:1: Beginning Domain Validation
[    4.291395] random: fast init done
[    4.298741] scsi target2:0:1: Domain Validation skipping write tests
[    4.307721] scsi target2:0:1: Ending Domain Validation
[    4.315488] scsi target2:0:1: asynchronous
[    4.333288] random: systemd-udevd: uninitialized urandom read (16 bytes read)
[    4.339394] e1000 0000:00:03.0 eth0: (PCI:33MHz:32-bit) 02:67:e8:86:a4:bc
[    4.350206] sd 2:0:0:0: Attached scsi generic sg0 type 0
[    4.351915] e1000 0000:00:03.0 eth0: Intel(R) PRO/1000 Network Connection
[    4.364848] random: systemd-udevd: uninitialized urandom read (16 bytes read)
[    4.367264] sd 2:0:0:0: [sda] 83886080 512-byte logical blocks: (42.9 GB/40.0 GiB)
[    4.380946] sd 2:0:1:0: Attached scsi generic sg1 type 0
[    4.383230] sd 2:0:0:0: [sda] Write Protect is off
[    4.427497] random: systemd-udevd: uninitialized urandom read (16 bytes read)
[    4.504677] sd 2:0:0:0: [sda] Incomplete mode parameter data
[    4.543696] sd 2:0:0:0: [sda] Assuming drive cache: write through
[    4.555704] sd 2:0:1:0: [sdb] 20480 512-byte logical blocks: (10.5 MB/10.0 MiB)
[    4.559805]  sda: sda1
[    4.578471] sd 2:0:1:0: [sdb] Write Protect is off
[    4.585152] sd 2:0:1:0: [sdb] Incomplete mode parameter data
[    4.592326] sd 2:0:1:0: [sdb] Assuming drive cache: write through
[    4.600988] sd 2:0:0:0: [sda] Attached SCSI disk
[    4.613973] sd 2:0:1:0: [sdb] Attached SCSI disk
[    5.260154] e1000 0000:00:08.0 eth1: (PCI:33MHz:32-bit) 08:00:27:26:4b:fd
[    5.267234] e1000 0000:00:08.0 eth1: Intel(R) PRO/1000 Network Connection
[    5.277389] e1000 0000:00:08.0 enp0s8: renamed from eth1
[    5.301549] e1000 0000:00:03.0 enp0s3: renamed from eth0
Begin: Loading essential drivers ... [    8.536077] raid6: sse2x1   gen() 13847 MB/s
[    8.598811] raid6: sse2x1   xor()  6293 MB/s
[    8.672124] raid6: sse2x2   gen() 10213 MB/s
[    8.732244] raid6: sse2x2   xor()  4619 MB/s
[    8.792213] raid6: sse2x4   gen()  5838 MB/s
[    8.844255] raid6: sse2x4   xor()  3997 MB/s
[    8.914483] raid6: avx2x1   gen()  6302 MB/s
[    8.968301] raid6: avx2x1   xor()  5456 MB/s
[    9.036244] raid6: avx2x2   gen() 24412 MB/s
[    9.136358] raid6: avx2x2   xor() 17342 MB/s
[    9.243715] raid6: avx2x4   gen() 26867 MB/s
[    9.300390] raid6: avx2x4   xor() 11815 MB/s
[    9.307953] raid6: using algorithm avx2x4 gen() 26867 MB/s
[    9.314332] raid6: .... xor() 11815 MB/s, rmw enabled
[    9.319881] raid6: using avx2x2 recovery algorithm
[    9.329639] xor: automatically using best checksumming function   avx       
[    9.344937] async_tx: api initialized (async)
done.
Begin: Running /scripts/init-premount ... done.
Begin: Mounting root file system ... Begin: Running /scripts/local-top ... done.
Begin: Running /scripts/local-premount ... [    9.451032] Btrfs loaded, crc32c=crc32c-intel
Scanning for Btrfs filesystems
done.
Warning: fsck not present, so skipping root file system
[    9.521321] EXT4-fs (sda1): mounted filesystem with ordered data mode. Opts: (null)
done.
Begin: Running /scripts/local-bottom ... done.
Begin: Running /scripts/init-bottom ... done.
[    9.901272] ip_tables: (C) 2000-2006 Netfilter Core Team
[    9.924910] systemd[1]: systemd 237 running in system mode. (+PAM +AUDIT +SELINUX +IMA +APPARMOR +SMACK +SYSVINIT +UTMP +LIBCRYPTSETUP +GCRYPT +GNUTLS +ACL +XZ +LZ4 +SECCOMP +BLKID +ELFUTILS +KMOD -IDN2 +IDN -PCRE2 default-hierarchy=hybrid)
[    9.943518] systemd[1]: Detected virtualization oracle.
[    9.949002] systemd[1]: Detected architecture x86-64.

Welcome to [1mUbuntu 18.04.5 LTS[0m!

[    9.989674] systemd[1]: Set hostname to <ubuntu>.
[   10.012823] systemd[1]: Initializing machine ID from random generator.
[   10.018924] systemd[1]: Installed transient /etc/machine-id file.
[   10.619989] systemd[1]: Reached target Swap.
[[0;32m  OK  [0m] Reached target Swap.
[   10.628124] systemd[1]: Set up automount Arbitrary Executable File Formats File System Automount Point.
[[0;32m  OK  [0m] Set up automount Arbitrary Executab…rmats File System Automount Point.
[   10.647828] systemd[1]: Created slice System Slice.
[[0;32m  OK  [0m] Created slice System Slice.
[   10.656899] systemd[1]: Listening on fsck to fsckd communication Socket.
[[0;32m  OK  [0m] Listening on fsck to fsckd communication Socket.
[[0;32m  OK  [0m] Listening on Journal Socket.
         Starting Create list of required st…ce nodes for the current kernel...
[[0;32m  OK  [0m] Listening on udev Kernel Socket.
         Starting Uncomplicated firewall...
[[0;32m  OK  [0m] Created slice system-serial\x2dgetty.slice.
[[0;32m  OK  [0m] Listening on udev Control Socket.
[[0;32m  OK  [0m] Listening on Journal Socket (/dev/log).
         Starting File System Check on Root Device...
[[0;32m  OK  [0m] Listening on Journal Audit Socket.
[[0;32m  OK  [0m] Reached target User and Group Name Lookups.
[[0;32m  OK  [0m] Created slice User and Session Slice.
[[0;32m  OK  [0m] Listening on /dev/initctl Compatibility Named Pipe.
[[0;32m  OK  [0m] Listening on Device-mapper event daemon FIFOs.
[[0;32m  OK  [0m] Listening on LVM2 poll daemon socket.
[[0;32m  OK  [0m] Listening on Syslog Socket.
         Starting Journal Service...
[[0;32m  OK  [0m] Started Forward Password Requests to Wall Directory Watch.
[[0;32m  OK  [0m] Reached target Slices.
         Starting Load Kernel Modules...
         Starting udev Coldplug all Devices...
         Starting Set the console keyboard layout...
         Mounting POSIX Message Queue File System...
         Mounting Kernel Debug File System...
         Mounting Huge Pages File System...
[[0;32m  OK  [0m] Listening on Network Service Netlink Socket.
[[0;32m  OK  [0m] Reached target System Time Synchronized.
[   10.846876] Loading iSCSI transport class v2.0-870.
[[0;32m  OK  [0m] Listening on LVM2 metadata daemon socket.
         Starting Monitoring of LVM2 mirrors…ng dmeventd or progress polling...
[[0;32m  OK  [0m] Started Create list of required sta…vice nodes for the current kernel.
[[0;32m  OK  [0m] Started Uncomplicated firewall.
[[0;32m  OK  [0m] Started File System Check on Root Device.
[[0;32m  OK  [0m] Started File System Check Daemon to report status.
         Starting Remount Root and Kernel File Systems...
         Starting Create Static Device Nodes in /dev...
[[0;32m  OK  [0m] Mounted Huge Pages File System.
[[0;32m  OK  [0m] Started Journal Service.
[[0;32m  OK  [0m] Mounted Kernel Debug File System.
[[0;32m  OK  [0m] Mounted POSIX Message Queue File System.
[   11.007449] iscsi: registered transport (tcp)
[[0;32m  OK  [0m] Started udev Coldplug all Devices.
[   11.100255] EXT4-fs (sda1): re-mounted. Opts: (null)
[[0;32m  OK  [0m] Started Remount Root and Kernel File Systems.
         Starting Load/Save Random Seed...
         Starting Flush Journal to Persistent Storage...
[[0;32m  OK  [0m] Started LVM2 metadata daemon.
[   11.215318] systemd-journald[404]: Received request to flush runtime journal from PID 1
[   11.273634] random: crng init done
[   11.291066] random: 7 urandom warning(s) missed due to ratelimiting
[[0;32m  OK  [0m] Started Set the console keyboard layout.
[[0;32m  OK  [0m] Started Load/Save Random Seed.
[[0;32m  OK  [0m] Started Create Static Device Nodes in /dev.
         Starting udev Kernel Device Manager...
[[0;32m  OK  [0m] Started Flush Journal to Persistent Storage.
[[0;32m  OK  [0m] Started Monitoring of LVM2 mirrors,…sing dmeventd or progress polling.
[[0;32m  OK  [0m] Reached target Local File Systems (Pre).
[[0;32m  OK  [0m] Reached target Local File Systems.
         Starting Create Volatile Files and Directories...
         Starting Commit a transient machine-id on disk...
         Starting ebtables ruleset management...
         Starting AppArmor initialization...
         Starting Tell Plymouth To Write Out Runtime Data...
         Starting Set console font and keymap...
[[0;32m  OK  [0m] Started udev Kernel Device Manager.
[[0;32m  OK  [0m] Started Dispatch Password Requests to Console Directory Watch.
[[0;32m  OK  [0m] Reached target Local Encrypted Volumes.
[   11.566994] iscsi: registered transport (iser)
[[0;32m  OK  [0m] Started Load Kernel Modules.
         Mounting FUSE Control File System...
         Starting Apply Kernel Variables...
         Mounting Kernel Configuration File System...
[[0;32m  OK  [0m] Mounted Kernel Configuration File System.
[[0;32m  OK  [0m] Mounted FUSE Control File System.
[[0;32m  OK  [0m] Started Set console font and keymap.
[[0;32m  OK  [0m] Started Tell Plymouth To Write Out Runtime Data.
[[0;32m  OK  [0m] Started Create Volatile Files and Directories.
         Starting Update UTMP about System Boot/Shutdown...
[[0;32m  OK  [0m] Started Commit a transient machine-id on disk.
[[0;32m  OK  [0m] Started Apply Kernel Variables.
[[0;32m  OK  [0m] Started Update UTMP about System Boot/Shutdown.
[[0;32m  OK  [0m] Started ebtables ruleset management.
[[0;32m  OK  [0m] Found device /dev/ttyS0.
[[0;32m  OK  [0m] Listening on Load/Save RF Kill Switch Status /dev/rfkill Watch.
[[0;32m  OK  [0m] Started AppArmor initialization.
         Starting Initial cloud-init job (pre-networking)...
         Starting Load AppArmor profiles managed internally by snapd...
[[0;32m  OK  [0m] Started Load AppArmor profiles managed internally by snapd.
[   15.545992] cloud-init[566]: Cloud-init v. 21.1-19-gbad84ad4-0ubuntu1~18.04.2 running 'init-local' at Wed, 19 May 2021 17:10:51 +0000. Up 15.02 seconds.
[[0;32m  OK  [0m] Started Initial cloud-init job (pre-networking).
[[0;32m  OK  [0m] Reached target Network (Pre).
         Starting Network Service...
[[0;32m  OK  [0m] Started Network Service.
         Starting Wait for Network to be Configured...
         Starting Network Name Resolution...
[[0;32m  OK  [0m] Started Network Name Resolution.
[[0;32m  OK  [0m] Reached target Network.
[[0;32m  OK  [0m] Reached target Host and Network Name Lookups.
[[0;32m  OK  [0m] Started Wait for Network to be Configured.
         Starting Initial cloud-init job (metadata service crawler)...
[   18.329625] cloud-init[678]: Cloud-init v. 21.1-19-gbad84ad4-0ubuntu1~18.04.2 running 'init' at Wed, 19 May 2021 17:10:54 +0000. Up 18.12 seconds.
[   18.338668] cloud-init[678]: ci-info: ++++++++++++++++++++++++++++++++++++++Net device info+++++++++++++++++++++++++++++++++++++++
[   18.347498] cloud-init[678]: ci-info: +--------+-------+----------------------------+---------------+--------+-------------------+
[   18.360635] cloud-init[678]: ci-info: | Device |   Up  |          Address           |      Mask     | Scope  |     Hw-Address    |
[   18.370124] cloud-init[678]: ci-info: +--------+-------+----------------------------+---------------+--------+-------------------+
[   18.387462] cloud-init[678]: ci-info: | enp0s3 |  True |         10.0.2.15          | 255.255.255.0 | global | 02:67:e8:86:a4:bc |
[   18.398125] cloud-init[678]: ci-info: | enp0s3 |  True | fe80::67:e8ff:fe86:a4bc/64 |       .       |  link  | 02:67:e8:86:a4:bc |
[   18.408507] cloud-init[678]: ci-info: | enp0s8 | False |             .              |       .       |   .    | 08:00:27:26:4b:fd |
[   18.418097] cloud-init[678]: ci-info: |   lo   |  True |         127.0.0.1          |   255.0.0.0   |  host  |         .         |
[   18.429597] cloud-init[678]: ci-info: |   lo   |  True |          ::1/128           |       .       |  host  |         .         |
[   18.438196] cloud-init[678]: ci-info: +--------+-------+----------------------------+---------------+--------+-------------------+
[   18.447268] cloud-init[678]: ci-info: ++++++++++++++++++++++++++++Route IPv4 info+++++++++++++++++++++++++++++
[   18.454914] cloud-init[678]: ci-info: +-------+-------------+----------+-----------------+-----------+-------+
[   18.462931] cloud-init[678]: ci-info: | Route | Destination | Gateway  |     Genmask     | Interface | Flags |
[   18.471470] cloud-init[678]: ci-info: +-------+-------------+----------+-----------------+-----------+-------+
[   18.479665] cloud-init[678]: ci-info: |   0   |   0.0.0.0   | 10.0.2.2 |     0.0.0.0     |   enp0s3  |   UG  |
[   18.487694] cloud-init[678]: ci-info: |   1   |   10.0.2.0  | 0.0.0.0  |  255.255.255.0  |   enp0s3  |   U   |
[   18.495533] cloud-init[678]: ci-info: |   2   |   10.0.2.2  | 0.0.0.0  | 255.255.255.255 |   enp0s3  |   UH  |
[   18.505152] cloud-init[678]: ci-info: +-------+-------------+----------+-----------------+-----------+-------+
[   18.515723] cloud-init[678]: ci-info: +++++++++++++++++++Route IPv6 info+++++++++++++++++++
[   18.523379] cloud-init[678]: ci-info: +-------+-------------+---------+-----------+-------+
[   18.531248] cloud-init[678]: ci-info: | Route | Destination | Gateway | Interface | Flags |
[   18.538079] cloud-init[678]: ci-info: +-------+-------------+---------+-----------+-------+
[   18.544788] cloud-init[678]: ci-info: |   1   |  fe80::/64  |    ::   |   enp0s3  |   U   |
[   18.551458] cloud-init[678]: ci-info: |   3   |    local    |    ::   |   enp0s3  |   U   |
[   18.558270] cloud-init[678]: ci-info: |   4   |   ff00::/8  |    ::   |   enp0s3  |   U   |
[   18.566037] cloud-init[678]: ci-info: +-------+-------------+---------+-----------+-------+
[   19.830304] cloud-init[678]: Generating public/private rsa key pair.
[   19.836659] cloud-init[678]: Your identification has been saved in /etc/ssh/ssh_host_rsa_key.
[   19.844423] cloud-init[678]: Your public key has been saved in /etc/ssh/ssh_host_rsa_key.pub.
[   19.853898] cloud-init[678]: The key fingerprint is:
[   19.860346] cloud-init[678]: SHA256:pSGZcYMWlNEnS5MS8HfwE18TlP2kUw1Rkl8tyXRvzg4 root@ubuntu-bionic
[   19.868282] cloud-init[678]: The key's randomart image is:
[   19.875024] cloud-init[678]: +---[RSA 2048]----+
[   19.880231] cloud-init[678]: |    .o*B+..  +XX=|
[   19.885259] cloud-init[678]: |     .==*+.o .*+O|
[   19.890150] cloud-init[678]: |     .=oo== .  *=|
[   19.894727] cloud-init[678]: |       o.= .  o+o|
[   19.899330] cloud-init[678]: |        S     E.o|
[   19.904021] cloud-init[678]: |               o |
[   19.909093] cloud-init[678]: |                .|
[   19.914194] cloud-init[678]: |                 |
[   19.918942] cloud-init[678]: |                 |
[   19.923757] cloud-init[678]: +----[SHA256]-----+
[   19.928744] cloud-init[678]: Generating public/private dsa key pair.
[   19.934539] cloud-init[678]: Your identification has been saved in /etc/ssh/ssh_host_dsa_key.
[   19.942239] cloud-init[678]: Your public key has been saved in /etc/ssh/ssh_host_dsa_key.pub.
[   19.949595] cloud-init[678]: The key fingerprint is:
[   19.954827] cloud-init[678]: SHA256:X9AxYfS5mfrno0jEOHWNrBp3+95LTHBz2bkcQMG1ZdI root@ubuntu-bionic
[   19.962690] cloud-init[678]: The key's randomart image is:
[   19.967784] cloud-init[678]: +---[DSA 1024]----+
[   19.972391] cloud-init[678]: |           .O=+oo|
[   19.977201] cloud-init[678]: |           o.=++E|
[   19.981874] cloud-init[678]: |          ...=oOo|
[   19.986513] cloud-init[678]: |          +.o ++=|
[   19.991279] cloud-init[678]: |        S+ =..++ |
[   19.995729] cloud-init[678]: |         .*...+  |
[   20.000512] cloud-init[678]: |         ..... o |
[   20.005144] cloud-init[678]: |          . ..o.o|
[   20.009726] cloud-init[678]: |           . .+*=|
[   20.014844] cloud-init[678]: +----[SHA256]-----+
[   20.019447] cloud-init[678]: Generating public/private ecdsa key pair.
[   20.025346] cloud-init[678]: Your identification has been saved in /etc/ssh/ssh_host_ecdsa_key.
[   20.032717] cloud-init[678]: Your public key has been saved in /etc/ssh/ssh_host_ecdsa_key.pub.
[   20.040006] cloud-init[678]: The key fingerprint is:
[   20.046831] cloud-init[678]: SHA256:QuHfmAY4SYy2nliM52SY3D5NLzIrrXLgsmnRJ22nLR0 root@ubuntu-bionic
[   20.054262] cloud-init[678]: The key's randomart image is:
[   20.059181] cloud-init[678]: +---[ECDSA 256]---+
[   20.063739] cloud-init[678]: |   o. .          |
[   20.068138] cloud-init[678]: |  o..+ .         |
[   20.072738] cloud-init[678]: |.*..+ +          |
[   20.077332] cloud-init[678]: |+.B. + o +       |
[   20.081937] cloud-init[678]: | Oo.+ o S .      |[[0;32m  OK  [0m] Started Initial cloud-init job (metadata service crawler).
[[0;32m  OK  [0m] Reached target Network is Online.

[   20.094424] cloud-init[678]:          Starting Availability of block devices...
[[0;32m  OK  [0m] Reached target Remote File Systems (Pre).
[[0;32m  OK  [0m] Reached target Remote File Systems.
[[0;32m  OK  [0m] Reached target Cloud-config availability.
[|o.+B * E         |
[   20.112120] cloud-init[678]: |..o O * .        |[0;32m  OK  [0m] Reached target System Initialization.

[[0;32m  OK  [0m] Started Discard unused blocks once a week.
[   20.125404] cloud-init[678]: |o=.o o o         |
[   20.131798] cloud-init[678]: [[0;32m  OK  [0m] Started ACPI Events Check.
[|*+o   .          |
[   20.138783] cloud-init[678]: +----[SHA256]-----+
[0;32m  OK  [0m] Reached target Paths.
[   20.151525] cloud-init[678]: Generating public/private ed25519 key pair.
[   20.157079] cloud-init         Starting LXD - unix socket.
[[0;32m  OK  [0m] Started Daily Cleanup of Temporary Directories.
[[0;32m  OK  [0m] Listening on UUID daemon activation socket.
[[0;32m  OK  [0m] Started Message of the Day.
[678]: Your identification has been saved in /etc/ssh/ssh_host_ed25519_key.[[0;32m  OK  [0m] Listening on D-Bus System Message Bus Socket.

[[0;32m  OK  [0m] Started Daily apt download activities.
[[0;32m  OK  [0m] Started Daily apt upgrade and clean activities.
[[0;32m  OK  [0m] Reached target Timers.
[[0;32m  OK  [0m] Listening on ACPID Listen Socket.
[[0;32m  OK  [0m] Listening on Open-iSCSI iscsid Socket.
[   20.204690]          Starting Socket activation for snappy daemon.
cloud-init[678]: Your public key has been saved in /etc/ssh/ssh_host_ed25519_key.pub.
[[0;32m  OK  [0m] Started Availability of block devices.
[   20.220728] [[0;32m  OK  [0m] Listening on LXD - unix socket.
[cloud-init[678]: The key fingerprint is:[0;32m  OK  [0m] Listening on Socket activation for snappy daemon.

[[0;32m  OK  [0m] Reached target Sockets.
[[0;32m  OK  [0m] Reached target Basic System.
[[0;32m  OK  [0m] Started D-Bus System Message Bus.
[   20.290548] cloud-init[678]: SHA256:1njidxK3b7Yy6o3xfGZHCOUyG6L+ZtyGoP7rQy3+13I root@ubuntu-bionic
[   20.317623] cloud-init[678]: The key's randomart image is:
[   20.329049] cloud-init[678]: +--[ED25519 256]--+
[   20.333879] cloud-init[678]: |                 |
[   20.361052] cloud-init[678]: |              .  |
[   20.369088] cloud-init[678]: |             o   |
[   20.374523] cloud-init[678]: |         o. = .  |
[   20.379217] cloud-init[678]: |        So+..* . |
[   20.384527] cloud-init[678]: |       o=o.o... .|
[   20.390549] cloud-init[678]: |       =.++oo. . |
[   20.395634] cloud-init[678]: |      . +.=OB.E .|
[   20.401735] cloud-init[678]: |     ..o+O*++@oo |
[   20.407357] cloud-init[678]: +----[SHA256]-----+
[[0;32m  OK  [0m] Started irqbalance daemon.
[[0;32m  OK  [0m] Started Deferred execution scheduler.
         Starting Accounts Service...
         Starting Snap Daemon...
         Starting System Logging Service...
         Starting LXD - container startup/shutdown...
         Starting LSB: automatic crash report generation...
         Starting Pollinate to seed the pseudo random number generator...
[[0;32m  OK  [0m] Started FUSE filesystem for LXC.
         Starting Permit User Sessions...
         Starting Dispatcher daemon for systemd-networkd...
         Starting Virtualbox guest utils...
         Starting LSB: Record successful boot for GRUB...
         Starting Login Service...
[[0;32m  OK  [0m] Started Regular background program processing daemon.
[[0;32m  OK  [0m] Started System Logging Service.
[[0;32m  OK  [0m] Started Permit User Sessions.
         Starting Authorization Manager...
         Starting Hold until boot process finishes up...
         Starting Terminate Plymouth Boot Screen...
[[0;32m  OK  [0m] Started Hold until boot process finishes up.
         Starting Set console scheme...
[[0;32m  OK  [0m] Started Serial Getty on ttyS0.
[[0;32m  OK  [0m] Started Terminate Plymouth Boot Screen.
[[0;32m  OK  [0m] Started Login Service.
[[0;32m  OK  [0m] Started Unattended Upgrades Shutdown.
[[0;32m  OK  [0m] Started LSB: automatic crash report generation.
[[0;32m  OK  [0m] Started Set console scheme.
[[0;32m  OK  [0m] Created slice system-getty.slice.
[[0;32m  OK  [0m] Started Getty on tty1.
[[0;32m  OK  [0m] Reached target Login Prompts.
[[0;32m  OK  [0m] Started Authorization Manager.
[[0;32m  OK  [0m] Started Accounts Service.
[[0;32m  OK  [0m] Started LSB: Record successful boot for GRUB.
[[0;32m  OK  [0m] Started Virtualbox guest utils.
[[0;32m  OK  [0m] Started LXD - container startup/shutdown.
[[0;32m  OK  [0m] Started Dispatcher daemon for systemd-networkd.
[[0;32m  OK  [0m] Started Pollinate to seed the pseudo random number generator.
         Starting OpenBSD Secure Shell server...
[[0;32m  OK  [0m] Started Snap Daemon.
         Starting Wait until snapd is fully seeded...
[[0;32m  OK  [0m] Started OpenBSD Secure Shell server.
[[0;32m  OK  [0m] Started Wait until snapd is fully seeded.
         Starting Apply the settings specified in cloud-config...
[[0;32m  OK  [0m] Reached target Multi-User System.
[[0;32m  OK  [0m] Reached target Graphical Interface.
         Starting Update UTMP about System Runlevel Changes...
[[0;32m  OK  [0m] Started Update UTMP about System Runlevel Changes.
[[0;32m  OK  [0m] Created slice User Slice of vagrant.
         Starting User Manager for UID 1000...
[[0;32m  OK  [0m] Started Session 1 of user vagrant.
[[0;32m  OK  [0m] Started User Manager for UID 1000.
[   26.164163] cloud-init[1127]: Cloud-init v. 21.1-19-gbad84ad4-0ubuntu1~18.04.2 running 'modules:config' at Wed, 19 May 2021 17:11:00 +0000. Up 24.77 seconds.

Ubuntu 18.04.5 LTS ubuntu-bionic ttyS0

ubuntu-bionic login: ci-info: no authorized SSH keys fingerprints found for user ubuntu.
<14>May 19 17:11:03 ec2: 
<14>May 19 17:11:03 ec2: #############################################################
<14>May 19 17:11:03 ec2: -----BEGIN SSH HOST KEY FINGERPRINTS-----
<14>May 19 17:11:03 ec2: 1024 SHA256:X9AxYfS5mfrno0jEOHWNrBp3+95LTHBz2bkcQMG1ZdI root@ubuntu-bionic (DSA)
<14>May 19 17:11:03 ec2: 256 SHA256:QuHfmAY4SYy2nliM52SY3D5NLzIrrXLgsmnRJ22nLR0 root@ubuntu-bionic (ECDSA)
<14>May 19 17:11:03 ec2: 256 SHA256:1njidxK3b7Yy6o3xfGZHCOUyG6L+ZtyGoP7rQy3+13I root@ubuntu-bionic (ED25519)
<14>May 19 17:11:03 ec2: 2048 SHA256:pSGZcYMWlNEnS5MS8HfwE18TlP2kUw1Rkl8tyXRvzg4 root@ubuntu-bionic (RSA)
<14>May 19 17:11:03 ec2: -----END SSH HOST KEY FINGERPRINTS-----
<14>May 19 17:11:03 ec2: #############################################################
-----BEGIN SSH HOST KEY KEYS-----
ecdsa-sha2-nistp256 AAAAE2VjZHNhLXNoYTItbmlzdHAyNTYAAAAIbmlzdHAyNTYAAABBBBT7LEFn3IbGzjQqU8PJyp06kQHeJUcdxnXBHshbWqj5V9HimwJ4j2SeVoJLRvj9XIZi3iavzjp/5Sui0eyJZj4= root@ubuntu-bionic
ssh-ed25519 AAAAC3NzaC1lZDI1NTE5AAAAIHIRLEFI6qhngfjHbuFxCy67kTaKfHJklyC6sRi+heI+ root@ubuntu-bionic
ssh-rsa AAAAB3NzaC1yc2EAAAADAQABAAABAQDZPNrH3xsFs7XpW4TEPUOmETV3rskAbt6iQznSZJBOhn7tq8uJ7YpPyx+FG+N1qUtr5ZnG8Tn622NNEZDwWQxzLYOIjOwIyg+FhQ43KNUMQ9PXBBEh/OS7USuZ1UjFraT0YTlycXolpuqA9X5dwXeKHzrXGz+gQF2gpCRKQxczpz1x+gNhFpBUxNGipA+KsGMIxT2P8yoIXUjqKs+DEkzkK8oqoNKiVTFbRqVRyoiV161fbwm2ofVfBSz/H2fQFKfb6gEHEegxdGrev8debeyxSrT6QCMsuIkkgjisuITYkdaLAOv83drGugh+GNmV944Mhxv+WkmGD/HkQzy+o237 root@ubuntu-bionic
-----END SSH HOST KEY KEYS-----
[   27.717756] cloud-init[1250]: Cloud-init v. 21.1-19-gbad84ad4-0ubuntu1~18.04.2 running 'modules:final' at Wed, 19 May 2021 17:11:03 +0000. Up 27.05 seconds.
[   27.731398] cloud-init[1250]: ci-info: no authorized SSH keys fingerprints found for user ubuntu.
[   27.743348] cloud-init[1250]: Cloud-init v. 21.1-19-gbad84ad4-0ubuntu1~18.04.2 finished at Wed, 19 May 2021 17:11:03 +0000. Datasource DataSourceNoCloud [seed=/dev/sdb][dsmode=net].  Up 27.68 seconds
